# Logfile created on 2024-07-05 03:26:46 +0000 by logger.rb/v1.5.0
A, [2024-07-05T03:26:47.721686 #2246]   ANY -- : healthd daemon 1.0.6 initialized
W, [2024-07-05T03:26:47.783378 #2246]  WARN -- : log file "/var/log/nginx/healthd/application.log.2024-07-05-03" does not exist
W, [2024-07-05T03:26:52.784020 #2246]  WARN -- : log file "/var/log/nginx/healthd/application.log.2024-07-05-03" does not exist
F, [2024-07-05T03:33:15.238362 #2246] FATAL -- : /opt/elasticbeanstalk/lib/ruby/lib/ruby/gems/3.1.0/gems/puma-6.4.2/lib/puma/launcher.rb:434:in `block in setup_signals': SIGTERM (SignalException)
	from /opt/elasticbeanstalk/lib/ruby/lib/ruby/gems/3.1.0/gems/puma-6.4.2/lib/puma/single.rb:63:in `join'
	from /opt/elasticbeanstalk/lib/ruby/lib/ruby/gems/3.1.0/gems/puma-6.4.2/lib/puma/single.rb:63:in `run'
	from /opt/elasticbeanstalk/lib/ruby/lib/ruby/gems/3.1.0/gems/puma-6.4.2/lib/puma/launcher.rb:194:in `run'
	from /opt/elasticbeanstalk/lib/ruby/lib/ruby/gems/3.1.0/gems/puma-6.4.2/lib/puma/cli.rb:75:in `run'
	from /opt/elasticbeanstalk/lib/ruby/lib/ruby/gems/3.1.0/gems/healthd-1.0.6/bin/healthd:112:in `block in <top (required)>'
	from /opt/elasticbeanstalk/lib/ruby/lib/ruby/gems/3.1.0/gems/healthd-1.0.6/bin/healthd:19:in `chdir'
	from /opt/elasticbeanstalk/lib/ruby/lib/ruby/gems/3.1.0/gems/healthd-1.0.6/bin/healthd:19:in `<top (required)>'
	from /opt/elasticbeanstalk/lib/ruby/bin/healthd:25:in `load'
	from /opt/elasticbeanstalk/lib/ruby/bin/healthd:25:in `<main>'
A, [2024-07-05T03:33:17.987203 #2910]   ANY -- : healthd daemon 1.0.6 initialized
W, [2024-07-05T03:33:28.201284 #2910]  WARN -- : discarding statistic item after validation error (Invalid timestamp): {:id=>"0", :namespace=>"application", :timestamp=>1720150150, :data=>"{\"duration\":10,\"latency_histogram\":[[0.0,2]],\"http_counters\":{\"status_502\":2,\"request_count\":2}}"}
W, [2024-07-05T03:33:28.201374 #2910]  WARN -- : discarding statistic item after validation error (Invalid timestamp): {:id=>"1", :namespace=>"application", :timestamp=>1720150170, :data=>"{\"duration\":10,\"latency_histogram\":[[0.0,2]],\"http_counters\":{\"status_502\":2,\"request_count\":2}}"}
W, [2024-07-05T03:33:28.201416 #2910]  WARN -- : discarding statistic item after validation error (Invalid timestamp): {:id=>"2", :namespace=>"application", :timestamp=>1720150180, :data=>"{\"duration\":10,\"latency_histogram\":[[0.0,2]],\"http_counters\":{\"status_502\":2,\"request_count\":2}}"}
W, [2024-07-05T03:33:28.201442 #2910]  WARN -- : discarding statistic item after validation error (Invalid timestamp): {:id=>"3", :namespace=>"application", :timestamp=>1720150200, :data=>"{\"duration\":10,\"latency_histogram\":[[0.0,1],[0.001,1]],\"http_counters\":{\"status_502\":2,\"request_count\":2}}"}
W, [2024-07-05T03:33:28.201466 #2910]  WARN -- : discarding statistic item after validation error (Invalid timestamp): {:id=>"4", :namespace=>"application", :timestamp=>1720150210, :data=>"{\"duration\":10,\"latency_histogram\":[[0.0,2]],\"http_counters\":{\"status_502\":2,\"request_count\":2}}"}
W, [2024-07-05T03:33:28.201490 #2910]  WARN -- : discarding statistic item after validation error (Invalid timestamp): {:id=>"5", :namespace=>"application", :timestamp=>1720150230, :data=>"{\"duration\":10,\"latency_histogram\":[[0.0,2]],\"http_counters\":{\"status_502\":2,\"request_count\":2}}"}
W, [2024-07-05T03:33:28.201516 #2910]  WARN -- : discarding statistic item after validation error (Invalid timestamp): {:id=>"6", :namespace=>"application", :timestamp=>1720150240, :data=>"{\"duration\":10,\"latency_histogram\":[[0.0,1],[0.001,1]],\"http_counters\":{\"status_502\":2,\"request_count\":2}}"}
W, [2024-07-05T03:33:28.201539 #2910]  WARN -- : discarding statistic item after validation error (Invalid timestamp): {:id=>"7", :namespace=>"application", :timestamp=>1720150260, :data=>"{\"duration\":10,\"latency_histogram\":[[0.0,2]],\"http_counters\":{\"status_502\":2,\"request_count\":2}}"}
W, [2024-07-05T03:33:28.201563 #2910]  WARN -- : discarding statistic item after validation error (Invalid timestamp): {:id=>"8", :namespace=>"application", :timestamp=>1720150270, :data=>"{\"duration\":10,\"latency_histogram\":[[0.0,2]],\"http_counters\":{\"status_502\":2,\"request_count\":2}}"}
W, [2024-07-05T03:33:28.201602 #2910]  WARN -- : discarding statistic item after validation error (Invalid timestamp): {:id=>"9", :namespace=>"application", :timestamp=>1720150290, :data=>"{\"duration\":10,\"latency_histogram\":[[0.0,2]],\"http_counters\":{\"status_502\":2,\"request_count\":2}}"}
W, [2024-07-05T03:33:28.201629 #2910]  WARN -- : discarding statistic item after validation error (Invalid timestamp): {:id=>"10", :namespace=>"application", :timestamp=>1720150300, :data=>"{\"duration\":10,\"latency_histogram\":[[0.0,2]],\"http_counters\":{\"status_502\":2,\"request_count\":2}}"}
W, [2024-07-05T03:33:38.033576 #2910]  WARN -- : discarding statistic item after validation error (Invalid timestamp): {:id=>"0", :namespace=>"application", :timestamp=>1720150020, :data=>"{\"duration\":10,\"latency_histogram\":[[0.0,1],[0.001,1]],\"http_counters\":{\"status_502\":2,\"request_count\":2}}"}
W, [2024-07-05T03:33:38.033649 #2910]  WARN -- : discarding statistic item after validation error (Invalid timestamp): {:id=>"1", :namespace=>"application", :timestamp=>1720150030, :data=>"{\"duration\":10,\"latency_histogram\":[[0.0,1],[0.001,1]],\"http_counters\":{\"status_502\":2,\"request_count\":2}}"}
W, [2024-07-05T03:33:38.033671 #2910]  WARN -- : discarding statistic item after validation error (Invalid timestamp): {:id=>"2", :namespace=>"application", :timestamp=>1720150050, :data=>"{\"duration\":10,\"latency_histogram\":[[0.0,1],[0.001,1]],\"http_counters\":{\"status_502\":2,\"request_count\":2}}"}
W, [2024-07-05T03:33:38.033688 #2910]  WARN -- : discarding statistic item after validation error (Invalid timestamp): {:id=>"3", :namespace=>"application", :timestamp=>1720150060, :data=>"{\"duration\":10,\"latency_histogram\":[[0.0,1],[0.001,1]],\"http_counters\":{\"status_502\":2,\"request_count\":2}}"}
W, [2024-07-05T03:33:38.033704 #2910]  WARN -- : discarding statistic item after validation error (Invalid timestamp): {:id=>"4", :namespace=>"application", :timestamp=>1720150080, :data=>"{\"duration\":10,\"latency_histogram\":[[0.0,2]],\"http_counters\":{\"status_502\":2,\"request_count\":2}}"}
W, [2024-07-05T03:33:38.033719 #2910]  WARN -- : discarding statistic item after validation error (Invalid timestamp): {:id=>"5", :namespace=>"application", :timestamp=>1720150090, :data=>"{\"duration\":10,\"latency_histogram\":[[0.0,2]],\"http_counters\":{\"status_502\":2,\"request_count\":2}}"}
W, [2024-07-05T03:33:38.033734 #2910]  WARN -- : discarding statistic item after validation error (Invalid timestamp): {:id=>"6", :namespace=>"application", :timestamp=>1720150110, :data=>"{\"duration\":10,\"latency_histogram\":[[0.0,2]],\"http_counters\":{\"status_502\":2,\"request_count\":2}}"}
W, [2024-07-05T03:33:38.033748 #2910]  WARN -- : discarding statistic item after validation error (Invalid timestamp): {:id=>"7", :namespace=>"application", :timestamp=>1720150120, :data=>"{\"duration\":10,\"latency_histogram\":[[0.0,2]],\"http_counters\":{\"status_502\":2,\"request_count\":2}}"}
W, [2024-07-05T03:33:38.033763 #2910]  WARN -- : discarding statistic item after validation error (Invalid timestamp): {:id=>"8", :namespace=>"application", :timestamp=>1720150140, :data=>"{\"duration\":10,\"latency_histogram\":[[0.0,2]],\"http_counters\":{\"status_502\":2,\"request_count\":2}}"}
F, [2024-07-05T03:34:18.708292 #2910] FATAL -- : /opt/elasticbeanstalk/lib/ruby/lib/ruby/gems/3.1.0/gems/puma-6.4.2/lib/puma/launcher.rb:434:in `block in setup_signals': SIGTERM (SignalException)
	from /opt/elasticbeanstalk/lib/ruby/lib/ruby/gems/3.1.0/gems/puma-6.4.2/lib/puma/single.rb:63:in `join'
	from /opt/elasticbeanstalk/lib/ruby/lib/ruby/gems/3.1.0/gems/puma-6.4.2/lib/puma/single.rb:63:in `run'
	from /opt/elasticbeanstalk/lib/ruby/lib/ruby/gems/3.1.0/gems/puma-6.4.2/lib/puma/launcher.rb:194:in `run'
	from /opt/elasticbeanstalk/lib/ruby/lib/ruby/gems/3.1.0/gems/puma-6.4.2/lib/puma/cli.rb:75:in `run'
	from /opt/elasticbeanstalk/lib/ruby/lib/ruby/gems/3.1.0/gems/healthd-1.0.6/bin/healthd:112:in `block in <top (required)>'
	from /opt/elasticbeanstalk/lib/ruby/lib/ruby/gems/3.1.0/gems/healthd-1.0.6/bin/healthd:19:in `chdir'
	from /opt/elasticbeanstalk/lib/ruby/lib/ruby/gems/3.1.0/gems/healthd-1.0.6/bin/healthd:19:in `<top (required)>'
	from /opt/elasticbeanstalk/lib/ruby/bin/healthd:25:in `load'
	from /opt/elasticbeanstalk/lib/ruby/bin/healthd:25:in `<main>'
A, [2024-07-05T03:34:21.424954 #3490]   ANY -- : healthd daemon 1.0.6 initialized
W, [2024-07-05T03:34:31.567260 #3490]  WARN -- : discarding statistic item after validation error (Invalid timestamp): {:id=>"0", :namespace=>"application", :timestamp=>1720150200, :data=>"{\"duration\":10,\"latency_histogram\":[[0.0,1],[0.001,1]],\"http_counters\":{\"status_502\":2,\"request_count\":2}}"}
W, [2024-07-05T03:34:31.567330 #3490]  WARN -- : discarding statistic item after validation error (Invalid timestamp): {:id=>"1", :namespace=>"application", :timestamp=>1720150210, :data=>"{\"duration\":10,\"latency_histogram\":[[0.0,2]],\"http_counters\":{\"status_502\":2,\"request_count\":2}}"}
W, [2024-07-05T03:34:31.567351 #3490]  WARN -- : discarding statistic item after validation error (Invalid timestamp): {:id=>"2", :namespace=>"application", :timestamp=>1720150230, :data=>"{\"duration\":10,\"latency_histogram\":[[0.0,2]],\"http_counters\":{\"status_502\":2,\"request_count\":2}}"}
W, [2024-07-05T03:34:31.567369 #3490]  WARN -- : discarding statistic item after validation error (Invalid timestamp): {:id=>"3", :namespace=>"application", :timestamp=>1720150240, :data=>"{\"duration\":10,\"latency_histogram\":[[0.0,1],[0.001,1]],\"http_counters\":{\"status_502\":2,\"request_count\":2}}"}
W, [2024-07-05T03:34:31.567386 #3490]  WARN -- : discarding statistic item after validation error (Invalid timestamp): {:id=>"4", :namespace=>"application", :timestamp=>1720150260, :data=>"{\"duration\":10,\"latency_histogram\":[[0.0,2]],\"http_counters\":{\"status_502\":2,\"request_count\":2}}"}
W, [2024-07-05T03:34:31.567402 #3490]  WARN -- : discarding statistic item after validation error (Invalid timestamp): {:id=>"5", :namespace=>"application", :timestamp=>1720150270, :data=>"{\"duration\":10,\"latency_histogram\":[[0.0,2]],\"http_counters\":{\"status_502\":2,\"request_count\":2}}"}
W, [2024-07-05T03:34:31.567417 #3490]  WARN -- : discarding statistic item after validation error (Invalid timestamp): {:id=>"6", :namespace=>"application", :timestamp=>1720150290, :data=>"{\"duration\":10,\"latency_histogram\":[[0.0,2]],\"http_counters\":{\"status_502\":2,\"request_count\":2}}"}
W, [2024-07-05T03:34:31.567433 #3490]  WARN -- : discarding statistic item after validation error (Invalid timestamp): {:id=>"7", :namespace=>"application", :timestamp=>1720150300, :data=>"{\"duration\":10,\"latency_histogram\":[[0.0,2]],\"http_counters\":{\"status_502\":2,\"request_count\":2}}"}
W, [2024-07-05T03:34:31.567448 #3490]  WARN -- : discarding statistic item after validation error (Invalid timestamp): {:id=>"8", :namespace=>"application", :timestamp=>1720150320, :data=>"{\"duration\":10,\"latency_histogram\":[[0.0,2]],\"http_counters\":{\"status_502\":2,\"request_count\":2}}"}
W, [2024-07-05T03:34:31.567463 #3490]  WARN -- : discarding statistic item after validation error (Invalid timestamp): {:id=>"9", :namespace=>"application", :timestamp=>1720150330, :data=>"{\"duration\":10,\"latency_histogram\":[[0.0,1],[0.001,1]],\"http_counters\":{\"status_502\":2,\"request_count\":2}}"}
W, [2024-07-05T03:34:31.567478 #3490]  WARN -- : discarding statistic item after validation error (Invalid timestamp): {:id=>"10", :namespace=>"application", :timestamp=>1720150350, :data=>"{\"duration\":10,\"latency_histogram\":[[0.0,1],[0.001,1]],\"http_counters\":{\"status_502\":2,\"request_count\":2}}"}
W, [2024-07-05T03:34:31.567493 #3490]  WARN -- : discarding statistic item after validation error (Invalid timestamp): {:id=>"11", :namespace=>"application", :timestamp=>1720150360, :data=>"{\"duration\":10,\"latency_histogram\":[[0.0,2]],\"http_counters\":{\"status_502\":2,\"request_count\":2}}"}
W, [2024-07-05T03:34:31.567514 #3490]  WARN -- : discarding statistic item after validation error (Invalid timestamp): {:id=>"12", :namespace=>"application", :timestamp=>1720150380, :data=>"{\"duration\":10,\"latency_histogram\":[[0.0,2]],\"http_counters\":{\"status_502\":2,\"request_count\":2}}"}
W, [2024-07-05T03:34:41.465742 #3490]  WARN -- : discarding statistic item after validation error (Invalid timestamp): {:id=>"0", :namespace=>"application", :timestamp=>1720150020, :data=>"{\"duration\":10,\"latency_histogram\":[[0.0,1],[0.001,1]],\"http_counters\":{\"status_502\":2,\"request_count\":2}}"}
W, [2024-07-05T03:34:41.465809 #3490]  WARN -- : discarding statistic item after validation error (Invalid timestamp): {:id=>"1", :namespace=>"application", :timestamp=>1720150030, :data=>"{\"duration\":10,\"latency_histogram\":[[0.0,1],[0.001,1]],\"http_counters\":{\"status_502\":2,\"request_count\":2}}"}
W, [2024-07-05T03:34:41.465829 #3490]  WARN -- : discarding statistic item after validation error (Invalid timestamp): {:id=>"2", :namespace=>"application", :timestamp=>1720150050, :data=>"{\"duration\":10,\"latency_histogram\":[[0.0,1],[0.001,1]],\"http_counters\":{\"status_502\":2,\"request_count\":2}}"}
W, [2024-07-05T03:34:41.465846 #3490]  WARN -- : discarding statistic item after validation error (Invalid timestamp): {:id=>"3", :namespace=>"application", :timestamp=>1720150060, :data=>"{\"duration\":10,\"latency_histogram\":[[0.0,1],[0.001,1]],\"http_counters\":{\"status_502\":2,\"request_count\":2}}"}
W, [2024-07-05T03:34:41.465863 #3490]  WARN -- : discarding statistic item after validation error (Invalid timestamp): {:id=>"4", :namespace=>"application", :timestamp=>1720150080, :data=>"{\"duration\":10,\"latency_histogram\":[[0.0,2]],\"http_counters\":{\"status_502\":2,\"request_count\":2}}"}
W, [2024-07-05T03:34:41.465878 #3490]  WARN -- : discarding statistic item after validation error (Invalid timestamp): {:id=>"5", :namespace=>"application", :timestamp=>1720150090, :data=>"{\"duration\":10,\"latency_histogram\":[[0.0,2]],\"http_counters\":{\"status_502\":2,\"request_count\":2}}"}
W, [2024-07-05T03:34:41.465893 #3490]  WARN -- : discarding statistic item after validation error (Invalid timestamp): {:id=>"6", :namespace=>"application", :timestamp=>1720150110, :data=>"{\"duration\":10,\"latency_histogram\":[[0.0,2]],\"http_counters\":{\"status_502\":2,\"request_count\":2}}"}
W, [2024-07-05T03:34:41.465909 #3490]  WARN -- : discarding statistic item after validation error (Invalid timestamp): {:id=>"7", :namespace=>"application", :timestamp=>1720150120, :data=>"{\"duration\":10,\"latency_histogram\":[[0.0,2]],\"http_counters\":{\"status_502\":2,\"request_count\":2}}"}
W, [2024-07-05T03:34:41.465923 #3490]  WARN -- : discarding statistic item after validation error (Invalid timestamp): {:id=>"8", :namespace=>"application", :timestamp=>1720150140, :data=>"{\"duration\":10,\"latency_histogram\":[[0.0,2]],\"http_counters\":{\"status_502\":2,\"request_count\":2}}"}
W, [2024-07-05T03:34:41.465938 #3490]  WARN -- : discarding statistic item after validation error (Invalid timestamp): {:id=>"9", :namespace=>"application", :timestamp=>1720150150, :data=>"{\"duration\":10,\"latency_histogram\":[[0.0,2]],\"http_counters\":{\"status_502\":2,\"request_count\":2}}"}
W, [2024-07-05T03:34:41.465953 #3490]  WARN -- : discarding statistic item after validation error (Invalid timestamp): {:id=>"10", :namespace=>"application", :timestamp=>1720150170, :data=>"{\"duration\":10,\"latency_histogram\":[[0.0,2]],\"http_counters\":{\"status_502\":2,\"request_count\":2}}"}
W, [2024-07-05T03:34:41.465967 #3490]  WARN -- : discarding statistic item after validation error (Invalid timestamp): {:id=>"11", :namespace=>"application", :timestamp=>1720150180, :data=>"{\"duration\":10,\"latency_histogram\":[[0.0,2]],\"http_counters\":{\"status_502\":2,\"request_count\":2}}"}
F, [2024-07-05T03:36:38.191309 #3490] FATAL -- : /opt/elasticbeanstalk/lib/ruby/lib/ruby/gems/3.1.0/gems/puma-6.4.2/lib/puma/launcher.rb:434:in `block in setup_signals': SIGTERM (SignalException)
	from /opt/elasticbeanstalk/lib/ruby/lib/ruby/gems/3.1.0/gems/puma-6.4.2/lib/puma/single.rb:63:in `join'
	from /opt/elasticbeanstalk/lib/ruby/lib/ruby/gems/3.1.0/gems/puma-6.4.2/lib/puma/single.rb:63:in `run'
	from /opt/elasticbeanstalk/lib/ruby/lib/ruby/gems/3.1.0/gems/puma-6.4.2/lib/puma/launcher.rb:194:in `run'
	from /opt/elasticbeanstalk/lib/ruby/lib/ruby/gems/3.1.0/gems/puma-6.4.2/lib/puma/cli.rb:75:in `run'
	from /opt/elasticbeanstalk/lib/ruby/lib/ruby/gems/3.1.0/gems/healthd-1.0.6/bin/healthd:112:in `block in <top (required)>'
	from /opt/elasticbeanstalk/lib/ruby/lib/ruby/gems/3.1.0/gems/healthd-1.0.6/bin/healthd:19:in `chdir'
	from /opt/elasticbeanstalk/lib/ruby/lib/ruby/gems/3.1.0/gems/healthd-1.0.6/bin/healthd:19:in `<top (required)>'
	from /opt/elasticbeanstalk/lib/ruby/bin/healthd:25:in `load'
	from /opt/elasticbeanstalk/lib/ruby/bin/healthd:25:in `<main>'
A, [2024-07-05T03:36:40.981035 #4120]   ANY -- : healthd daemon 1.0.6 initialized
W, [2024-07-05T03:36:51.126367 #4120]  WARN -- : discarding statistic item after validation error (Invalid timestamp): {:id=>"0", :namespace=>"application", :timestamp=>1720150350, :data=>"{\"duration\":10,\"latency_histogram\":[[0.0,1],[0.001,1]],\"http_counters\":{\"status_502\":2,\"request_count\":2}}"}
W, [2024-07-05T03:36:51.126437 #4120]  WARN -- : discarding statistic item after validation error (Invalid timestamp): {:id=>"1", :namespace=>"application", :timestamp=>1720150360, :data=>"{\"duration\":10,\"latency_histogram\":[[0.0,2]],\"http_counters\":{\"status_502\":2,\"request_count\":2}}"}
W, [2024-07-05T03:36:51.126458 #4120]  WARN -- : discarding statistic item after validation error (Invalid timestamp): {:id=>"2", :namespace=>"application", :timestamp=>1720150380, :data=>"{\"duration\":10,\"latency_histogram\":[[0.0,2]],\"http_counters\":{\"status_502\":2,\"request_count\":2}}"}
W, [2024-07-05T03:36:51.126475 #4120]  WARN -- : discarding statistic item after validation error (Invalid timestamp): {:id=>"3", :namespace=>"application", :timestamp=>1720150390, :data=>"{\"duration\":10,\"latency_histogram\":[[0.0,2]],\"http_counters\":{\"status_502\":2,\"request_count\":2}}"}
W, [2024-07-05T03:36:51.126491 #4120]  WARN -- : discarding statistic item after validation error (Invalid timestamp): {:id=>"4", :namespace=>"application", :timestamp=>1720150410, :data=>"{\"duration\":10,\"latency_histogram\":[[0.0,2]],\"http_counters\":{\"status_502\":2,\"request_count\":2}}"}
W, [2024-07-05T03:36:51.126506 #4120]  WARN -- : discarding statistic item after validation error (Invalid timestamp): {:id=>"5", :namespace=>"application", :timestamp=>1720150420, :data=>"{\"duration\":10,\"latency_histogram\":[[0.0,2]],\"http_counters\":{\"status_502\":2,\"request_count\":2}}"}
W, [2024-07-05T03:36:51.126520 #4120]  WARN -- : discarding statistic item after validation error (Invalid timestamp): {:id=>"6", :namespace=>"application", :timestamp=>1720150440, :data=>"{\"duration\":10,\"latency_histogram\":[[0.001,2]],\"http_counters\":{\"status_502\":2,\"request_count\":2}}"}
W, [2024-07-05T03:36:51.126535 #4120]  WARN -- : discarding statistic item after validation error (Invalid timestamp): {:id=>"7", :namespace=>"application", :timestamp=>1720150450, :data=>"{\"duration\":10,\"latency_histogram\":[[0.0,1],[0.001,1]],\"http_counters\":{\"status_502\":2,\"request_count\":2}}"}
W, [2024-07-05T03:36:51.126550 #4120]  WARN -- : discarding statistic item after validation error (Invalid timestamp): {:id=>"8", :namespace=>"application", :timestamp=>1720150480, :data=>"{\"duration\":10,\"latency_histogram\":[[0.0,2]],\"http_counters\":{\"status_502\":2,\"request_count\":2}}"}
W, [2024-07-05T03:36:51.126565 #4120]  WARN -- : discarding statistic item after validation error (Invalid timestamp): {:id=>"9", :namespace=>"application", :timestamp=>1720150500, :data=>"{\"duration\":10,\"latency_histogram\":[[0.0,2]],\"http_counters\":{\"status_502\":2,\"request_count\":2}}"}
W, [2024-07-05T03:36:51.126579 #4120]  WARN -- : discarding statistic item after validation error (Invalid timestamp): {:id=>"10", :namespace=>"application", :timestamp=>1720150510, :data=>"{\"duration\":10,\"latency_histogram\":[[0.0,2]],\"http_counters\":{\"status_502\":2,\"request_count\":2}}"}
W, [2024-07-05T03:37:01.015809 #4120]  WARN -- : discarding statistic item after validation error (Invalid timestamp): {:id=>"0", :namespace=>"application", :timestamp=>1720150080, :data=>"{\"duration\":10,\"latency_histogram\":[[0.0,2]],\"http_counters\":{\"status_502\":2,\"request_count\":2}}"}
W, [2024-07-05T03:37:01.015882 #4120]  WARN -- : discarding statistic item after validation error (Invalid timestamp): {:id=>"1", :namespace=>"application", :timestamp=>1720150090, :data=>"{\"duration\":10,\"latency_histogram\":[[0.0,2]],\"http_counters\":{\"status_502\":2,\"request_count\":2}}"}
W, [2024-07-05T03:37:01.015901 #4120]  WARN -- : discarding statistic item after validation error (Invalid timestamp): {:id=>"2", :namespace=>"application", :timestamp=>1720150110, :data=>"{\"duration\":10,\"latency_histogram\":[[0.0,2]],\"http_counters\":{\"status_502\":2,\"request_count\":2}}"}
W, [2024-07-05T03:37:01.015917 #4120]  WARN -- : discarding statistic item after validation error (Invalid timestamp): {:id=>"3", :namespace=>"application", :timestamp=>1720150120, :data=>"{\"duration\":10,\"latency_histogram\":[[0.0,2]],\"http_counters\":{\"status_502\":2,\"request_count\":2}}"}
W, [2024-07-05T03:37:01.015934 #4120]  WARN -- : discarding statistic item after validation error (Invalid timestamp): {:id=>"4", :namespace=>"application", :timestamp=>1720150140, :data=>"{\"duration\":10,\"latency_histogram\":[[0.0,2]],\"http_counters\":{\"status_502\":2,\"request_count\":2}}"}
W, [2024-07-05T03:37:01.015949 #4120]  WARN -- : discarding statistic item after validation error (Invalid timestamp): {:id=>"5", :namespace=>"application", :timestamp=>1720150150, :data=>"{\"duration\":10,\"latency_histogram\":[[0.0,2]],\"http_counters\":{\"status_502\":2,\"request_count\":2}}"}
W, [2024-07-05T03:37:01.015964 #4120]  WARN -- : discarding statistic item after validation error (Invalid timestamp): {:id=>"6", :namespace=>"application", :timestamp=>1720150170, :data=>"{\"duration\":10,\"latency_histogram\":[[0.0,2]],\"http_counters\":{\"status_502\":2,\"request_count\":2}}"}
W, [2024-07-05T03:37:01.015978 #4120]  WARN -- : discarding statistic item after validation error (Invalid timestamp): {:id=>"7", :namespace=>"application", :timestamp=>1720150180, :data=>"{\"duration\":10,\"latency_histogram\":[[0.0,2]],\"http_counters\":{\"status_502\":2,\"request_count\":2}}"}
W, [2024-07-05T03:37:01.015993 #4120]  WARN -- : discarding statistic item after validation error (Invalid timestamp): {:id=>"8", :namespace=>"application", :timestamp=>1720150200, :data=>"{\"duration\":10,\"latency_histogram\":[[0.0,1],[0.001,1]],\"http_counters\":{\"status_502\":2,\"request_count\":2}}"}
W, [2024-07-05T03:37:01.016006 #4120]  WARN -- : discarding statistic item after validation error (Invalid timestamp): {:id=>"9", :namespace=>"application", :timestamp=>1720150210, :data=>"{\"duration\":10,\"latency_histogram\":[[0.0,2]],\"http_counters\":{\"status_502\":2,\"request_count\":2}}"}
W, [2024-07-05T03:37:01.016025 #4120]  WARN -- : discarding statistic item after validation error (Invalid timestamp): {:id=>"10", :namespace=>"application", :timestamp=>1720150230, :data=>"{\"duration\":10,\"latency_histogram\":[[0.0,2]],\"http_counters\":{\"status_502\":2,\"request_count\":2}}"}
W, [2024-07-05T03:37:01.016038 #4120]  WARN -- : discarding statistic item after validation error (Invalid timestamp): {:id=>"11", :namespace=>"application", :timestamp=>1720150240, :data=>"{\"duration\":10,\"latency_histogram\":[[0.0,1],[0.001,1]],\"http_counters\":{\"status_502\":2,\"request_count\":2}}"}
W, [2024-07-05T03:37:01.016052 #4120]  WARN -- : discarding statistic item after validation error (Invalid timestamp): {:id=>"12", :namespace=>"application", :timestamp=>1720150260, :data=>"{\"duration\":10,\"latency_histogram\":[[0.0,2]],\"http_counters\":{\"status_502\":2,\"request_count\":2}}"}
W, [2024-07-05T03:37:01.016074 #4120]  WARN -- : discarding statistic item after validation error (Invalid timestamp): {:id=>"13", :namespace=>"application", :timestamp=>1720150270, :data=>"{\"duration\":10,\"latency_histogram\":[[0.0,2]],\"http_counters\":{\"status_502\":2,\"request_count\":2}}"}
W, [2024-07-05T03:37:01.016088 #4120]  WARN -- : discarding statistic item after validation error (Invalid timestamp): {:id=>"14", :namespace=>"application", :timestamp=>1720150290, :data=>"{\"duration\":10,\"latency_histogram\":[[0.0,2]],\"http_counters\":{\"status_502\":2,\"request_count\":2}}"}
W, [2024-07-05T03:37:01.016102 #4120]  WARN -- : discarding statistic item after validation error (Invalid timestamp): {:id=>"15", :namespace=>"application", :timestamp=>1720150300, :data=>"{\"duration\":10,\"latency_histogram\":[[0.0,2]],\"http_counters\":{\"status_502\":2,\"request_count\":2}}"}
W, [2024-07-05T03:37:01.016118 #4120]  WARN -- : discarding statistic item after validation error (Invalid timestamp): {:id=>"16", :namespace=>"application", :timestamp=>1720150320, :data=>"{\"duration\":10,\"latency_histogram\":[[0.0,2]],\"http_counters\":{\"status_502\":2,\"request_count\":2}}"}
W, [2024-07-05T03:37:01.016131 #4120]  WARN -- : discarding statistic item after validation error (Invalid timestamp): {:id=>"17", :namespace=>"application", :timestamp=>1720150330, :data=>"{\"duration\":10,\"latency_histogram\":[[0.0,1],[0.001,1]],\"http_counters\":{\"status_502\":2,\"request_count\":2}}"}
W, [2024-07-05T03:37:11.034833 #4120]  WARN -- : discarding statistic item after validation error (Invalid timestamp): {:id=>"0", :namespace=>"application", :timestamp=>1720150020, :data=>"{\"duration\":10,\"latency_histogram\":[[0.0,1],[0.001,1]],\"http_counters\":{\"status_502\":2,\"request_count\":2}}"}
W, [2024-07-05T03:37:11.034978 #4120]  WARN -- : discarding statistic item after validation error (Invalid timestamp): {:id=>"1", :namespace=>"application", :timestamp=>1720150030, :data=>"{\"duration\":10,\"latency_histogram\":[[0.0,1],[0.001,1]],\"http_counters\":{\"status_502\":2,\"request_count\":2}}"}
W, [2024-07-05T03:37:11.035005 #4120]  WARN -- : discarding statistic item after validation error (Invalid timestamp): {:id=>"2", :namespace=>"application", :timestamp=>1720150050, :data=>"{\"duration\":10,\"latency_histogram\":[[0.0,1],[0.001,1]],\"http_counters\":{\"status_502\":2,\"request_count\":2}}"}
W, [2024-07-05T03:37:11.035022 #4120]  WARN -- : discarding statistic item after validation error (Invalid timestamp): {:id=>"3", :namespace=>"application", :timestamp=>1720150060, :data=>"{\"duration\":10,\"latency_histogram\":[[0.0,1],[0.001,1]],\"http_counters\":{\"status_502\":2,\"request_count\":2}}"}
F, [2024-07-05T03:41:09.581989 #4120] FATAL -- : /opt/elasticbeanstalk/lib/ruby/lib/ruby/gems/3.1.0/gems/puma-6.4.2/lib/puma/launcher.rb:434:in `block in setup_signals': SIGTERM (SignalException)
	from /opt/elasticbeanstalk/lib/ruby/lib/ruby/gems/3.1.0/gems/puma-6.4.2/lib/puma/single.rb:63:in `join'
	from /opt/elasticbeanstalk/lib/ruby/lib/ruby/gems/3.1.0/gems/puma-6.4.2/lib/puma/single.rb:63:in `run'
	from /opt/elasticbeanstalk/lib/ruby/lib/ruby/gems/3.1.0/gems/puma-6.4.2/lib/puma/launcher.rb:194:in `run'
	from /opt/elasticbeanstalk/lib/ruby/lib/ruby/gems/3.1.0/gems/puma-6.4.2/lib/puma/cli.rb:75:in `run'
	from /opt/elasticbeanstalk/lib/ruby/lib/ruby/gems/3.1.0/gems/healthd-1.0.6/bin/healthd:112:in `block in <top (required)>'
	from /opt/elasticbeanstalk/lib/ruby/lib/ruby/gems/3.1.0/gems/healthd-1.0.6/bin/healthd:19:in `chdir'
	from /opt/elasticbeanstalk/lib/ruby/lib/ruby/gems/3.1.0/gems/healthd-1.0.6/bin/healthd:19:in `<top (required)>'
	from /opt/elasticbeanstalk/lib/ruby/bin/healthd:25:in `load'
	from /opt/elasticbeanstalk/lib/ruby/bin/healthd:25:in `<main>'
A, [2024-07-05T03:41:12.201554 #4834]   ANY -- : healthd daemon 1.0.6 initialized
W, [2024-07-05T03:41:22.376792 #4834]  WARN -- : discarding statistic item after validation error (Invalid timestamp): {:id=>"0", :namespace=>"application", :timestamp=>1720150630, :data=>"{\"duration\":10,\"latency_histogram\":[[0.0,2]],\"http_counters\":{\"status_502\":2,\"request_count\":2}}"}
W, [2024-07-05T03:41:22.376968 #4834]  WARN -- : discarding statistic item after validation error (Invalid timestamp): {:id=>"1", :namespace=>"application", :timestamp=>1720150650, :data=>"{\"duration\":10,\"latency_histogram\":[[0.0,1],[0.001,1]],\"http_counters\":{\"status_502\":2,\"request_count\":2}}"}
W, [2024-07-05T03:41:22.376989 #4834]  WARN -- : discarding statistic item after validation error (Invalid timestamp): {:id=>"2", :namespace=>"application", :timestamp=>1720150660, :data=>"{\"duration\":10,\"latency_histogram\":[[0.0,2]],\"http_counters\":{\"status_502\":2,\"request_count\":2}}"}
W, [2024-07-05T03:41:22.377005 #4834]  WARN -- : discarding statistic item after validation error (Invalid timestamp): {:id=>"3", :namespace=>"application", :timestamp=>1720150680, :data=>"{\"duration\":10,\"latency_histogram\":[[0.0,2]],\"http_counters\":{\"status_502\":2,\"request_count\":2}}"}
W, [2024-07-05T03:41:22.377020 #4834]  WARN -- : discarding statistic item after validation error (Invalid timestamp): {:id=>"4", :namespace=>"application", :timestamp=>1720150690, :data=>"{\"duration\":10,\"latency_histogram\":[[0.0,2]],\"http_counters\":{\"status_502\":2,\"request_count\":2}}"}
W, [2024-07-05T03:41:22.377034 #4834]  WARN -- : discarding statistic item after validation error (Invalid timestamp): {:id=>"5", :namespace=>"application", :timestamp=>1720150710, :data=>"{\"duration\":10,\"latency_histogram\":[[0.0,2]],\"http_counters\":{\"status_502\":2,\"request_count\":2}}"}
W, [2024-07-05T03:41:22.377048 #4834]  WARN -- : discarding statistic item after validation error (Invalid timestamp): {:id=>"6", :namespace=>"application", :timestamp=>1720150720, :data=>"{\"duration\":10,\"latency_histogram\":[[0.0,2]],\"http_counters\":{\"status_502\":2,\"request_count\":2}}"}
W, [2024-07-05T03:41:22.377062 #4834]  WARN -- : discarding statistic item after validation error (Invalid timestamp): {:id=>"7", :namespace=>"application", :timestamp=>1720150740, :data=>"{\"duration\":10,\"latency_histogram\":[[0.0,1],[0.001,1]],\"http_counters\":{\"status_502\":2,\"request_count\":2}}"}
W, [2024-07-05T03:41:22.377075 #4834]  WARN -- : discarding statistic item after validation error (Invalid timestamp): {:id=>"8", :namespace=>"application", :timestamp=>1720150750, :data=>"{\"duration\":10,\"latency_histogram\":[[0.0,2]],\"http_counters\":{\"status_502\":2,\"request_count\":2}}"}
W, [2024-07-05T03:41:22.377088 #4834]  WARN -- : discarding statistic item after validation error (Invalid timestamp): {:id=>"9", :namespace=>"application", :timestamp=>1720150770, :data=>"{\"duration\":10,\"latency_histogram\":[[0.0,2]],\"http_counters\":{\"status_502\":2,\"request_count\":2}}"}
W, [2024-07-05T03:41:22.377102 #4834]  WARN -- : discarding statistic item after validation error (Invalid timestamp): {:id=>"10", :namespace=>"application", :timestamp=>1720150780, :data=>"{\"duration\":10,\"latency_histogram\":[[0.0,2]],\"http_counters\":{\"status_502\":2,\"request_count\":2}}"}
W, [2024-07-05T03:41:32.219179 #4834]  WARN -- : discarding statistic item after validation error (Invalid timestamp): {:id=>"0", :namespace=>"application", :timestamp=>1720150360, :data=>"{\"duration\":10,\"latency_histogram\":[[0.0,2]],\"http_counters\":{\"status_502\":2,\"request_count\":2}}"}
W, [2024-07-05T03:41:32.219248 #4834]  WARN -- : discarding statistic item after validation error (Invalid timestamp): {:id=>"1", :namespace=>"application", :timestamp=>1720150380, :data=>"{\"duration\":10,\"latency_histogram\":[[0.0,2]],\"http_counters\":{\"status_502\":2,\"request_count\":2}}"}
W, [2024-07-05T03:41:32.219290 #4834]  WARN -- : discarding statistic item after validation error (Invalid timestamp): {:id=>"2", :namespace=>"application", :timestamp=>1720150390, :data=>"{\"duration\":10,\"latency_histogram\":[[0.0,2]],\"http_counters\":{\"status_502\":2,\"request_count\":2}}"}
W, [2024-07-05T03:41:32.219307 #4834]  WARN -- : discarding statistic item after validation error (Invalid timestamp): {:id=>"3", :namespace=>"application", :timestamp=>1720150410, :data=>"{\"duration\":10,\"latency_histogram\":[[0.0,2]],\"http_counters\":{\"status_502\":2,\"request_count\":2}}"}
W, [2024-07-05T03:41:32.219331 #4834]  WARN -- : discarding statistic item after validation error (Invalid timestamp): {:id=>"4", :namespace=>"application", :timestamp=>1720150420, :data=>"{\"duration\":10,\"latency_histogram\":[[0.0,2]],\"http_counters\":{\"status_502\":2,\"request_count\":2}}"}
W, [2024-07-05T03:41:32.219347 #4834]  WARN -- : discarding statistic item after validation error (Invalid timestamp): {:id=>"5", :namespace=>"application", :timestamp=>1720150440, :data=>"{\"duration\":10,\"latency_histogram\":[[0.001,2]],\"http_counters\":{\"status_502\":2,\"request_count\":2}}"}
W, [2024-07-05T03:41:32.219363 #4834]  WARN -- : discarding statistic item after validation error (Invalid timestamp): {:id=>"6", :namespace=>"application", :timestamp=>1720150450, :data=>"{\"duration\":10,\"latency_histogram\":[[0.0,1],[0.001,1]],\"http_counters\":{\"status_502\":2,\"request_count\":2}}"}
W, [2024-07-05T03:41:32.219379 #4834]  WARN -- : discarding statistic item after validation error (Invalid timestamp): {:id=>"7", :namespace=>"application", :timestamp=>1720150480, :data=>"{\"duration\":10,\"latency_histogram\":[[0.0,2]],\"http_counters\":{\"status_502\":2,\"request_count\":2}}"}
W, [2024-07-05T03:41:32.219393 #4834]  WARN -- : discarding statistic item after validation error (Invalid timestamp): {:id=>"8", :namespace=>"application", :timestamp=>1720150500, :data=>"{\"duration\":10,\"latency_histogram\":[[0.0,2]],\"http_counters\":{\"status_502\":2,\"request_count\":2}}"}
W, [2024-07-05T03:41:32.219408 #4834]  WARN -- : discarding statistic item after validation error (Invalid timestamp): {:id=>"9", :namespace=>"application", :timestamp=>1720150510, :data=>"{\"duration\":10,\"latency_histogram\":[[0.0,2]],\"http_counters\":{\"status_502\":2,\"request_count\":2}}"}
W, [2024-07-05T03:41:32.219422 #4834]  WARN -- : discarding statistic item after validation error (Invalid timestamp): {:id=>"10", :namespace=>"application", :timestamp=>1720150530, :data=>"{\"duration\":10,\"latency_histogram\":[[0.0,2]],\"http_counters\":{\"status_502\":2,\"request_count\":2}}"}
W, [2024-07-05T03:41:32.219437 #4834]  WARN -- : discarding statistic item after validation error (Invalid timestamp): {:id=>"11", :namespace=>"application", :timestamp=>1720150540, :data=>"{\"duration\":10,\"latency_histogram\":[[0.0,1],[0.001,1]],\"http_counters\":{\"status_502\":2,\"request_count\":2}}"}
W, [2024-07-05T03:41:32.219451 #4834]  WARN -- : discarding statistic item after validation error (Invalid timestamp): {:id=>"12", :namespace=>"application", :timestamp=>1720150560, :data=>"{\"duration\":10,\"latency_histogram\":[[0.0,2]],\"http_counters\":{\"status_502\":2,\"request_count\":2}}"}
W, [2024-07-05T03:41:32.226069 #4834]  WARN -- : discarding statistic item after validation error (Invalid timestamp): {:id=>"13", :namespace=>"application", :timestamp=>1720150570, :data=>"{\"duration\":10,\"latency_histogram\":[[0.0,1],[0.001,1]],\"http_counters\":{\"status_502\":2,\"request_count\":2}}"}
W, [2024-07-05T03:41:32.226150 #4834]  WARN -- : discarding statistic item after validation error (Invalid timestamp): {:id=>"14", :namespace=>"application", :timestamp=>1720150590, :data=>"{\"duration\":10,\"latency_histogram\":[[0.0,1],[0.001,1]],\"http_counters\":{\"status_502\":2,\"request_count\":2}}"}
W, [2024-07-05T03:41:32.226169 #4834]  WARN -- : discarding statistic item after validation error (Invalid timestamp): {:id=>"15", :namespace=>"application", :timestamp=>1720150600, :data=>"{\"duration\":10,\"latency_histogram\":[[0.0,2]],\"http_counters\":{\"status_502\":2,\"request_count\":2}}"}
W, [2024-07-05T03:41:32.226186 #4834]  WARN -- : discarding statistic item after validation error (Invalid timestamp): {:id=>"16", :namespace=>"application", :timestamp=>1720150610, :data=>"{\"duration\":10,\"latency_histogram\":[[0.0,1]],\"http_counters\":{\"status_502\":1,\"request_count\":1}}"}
W, [2024-07-05T03:41:32.226210 #4834]  WARN -- : discarding statistic item after validation error (Invalid timestamp): {:id=>"17", :namespace=>"application", :timestamp=>1720150620, :data=>"{\"duration\":10,\"latency_histogram\":[[0.0,1],[0.001,1]],\"http_counters\":{\"status_502\":2,\"request_count\":2}}"}
W, [2024-07-05T03:41:42.249239 #4834]  WARN -- : discarding statistic item after validation error (Invalid timestamp): {:id=>"0", :namespace=>"application", :timestamp=>1720150090, :data=>"{\"duration\":10,\"latency_histogram\":[[0.0,2]],\"http_counters\":{\"status_502\":2,\"request_count\":2}}"}
W, [2024-07-05T03:41:42.249308 #4834]  WARN -- : discarding statistic item after validation error (Invalid timestamp): {:id=>"1", :namespace=>"application", :timestamp=>1720150110, :data=>"{\"duration\":10,\"latency_histogram\":[[0.0,2]],\"http_counters\":{\"status_502\":2,\"request_count\":2}}"}
W, [2024-07-05T03:41:42.249327 #4834]  WARN -- : discarding statistic item after validation error (Invalid timestamp): {:id=>"2", :namespace=>"application", :timestamp=>1720150120, :data=>"{\"duration\":10,\"latency_histogram\":[[0.0,2]],\"http_counters\":{\"status_502\":2,\"request_count\":2}}"}
W, [2024-07-05T03:41:42.249342 #4834]  WARN -- : discarding statistic item after validation error (Invalid timestamp): {:id=>"3", :namespace=>"application", :timestamp=>1720150140, :data=>"{\"duration\":10,\"latency_histogram\":[[0.0,2]],\"http_counters\":{\"status_502\":2,\"request_count\":2}}"}
W, [2024-07-05T03:41:42.249358 #4834]  WARN -- : discarding statistic item after validation error (Invalid timestamp): {:id=>"4", :namespace=>"application", :timestamp=>1720150150, :data=>"{\"duration\":10,\"latency_histogram\":[[0.0,2]],\"http_counters\":{\"status_502\":2,\"request_count\":2}}"}
W, [2024-07-05T03:41:42.249372 #4834]  WARN -- : discarding statistic item after validation error (Invalid timestamp): {:id=>"5", :namespace=>"application", :timestamp=>1720150170, :data=>"{\"duration\":10,\"latency_histogram\":[[0.0,2]],\"http_counters\":{\"status_502\":2,\"request_count\":2}}"}
W, [2024-07-05T03:41:42.249385 #4834]  WARN -- : discarding statistic item after validation error (Invalid timestamp): {:id=>"6", :namespace=>"application", :timestamp=>1720150180, :data=>"{\"duration\":10,\"latency_histogram\":[[0.0,2]],\"http_counters\":{\"status_502\":2,\"request_count\":2}}"}
W, [2024-07-05T03:41:42.249400 #4834]  WARN -- : discarding statistic item after validation error (Invalid timestamp): {:id=>"7", :namespace=>"application", :timestamp=>1720150200, :data=>"{\"duration\":10,\"latency_histogram\":[[0.0,1],[0.001,1]],\"http_counters\":{\"status_502\":2,\"request_count\":2}}"}
W, [2024-07-05T03:41:42.249417 #4834]  WARN -- : discarding statistic item after validation error (Invalid timestamp): {:id=>"8", :namespace=>"application", :timestamp=>1720150210, :data=>"{\"duration\":10,\"latency_histogram\":[[0.0,2]],\"http_counters\":{\"status_502\":2,\"request_count\":2}}"}
W, [2024-07-05T03:41:42.249431 #4834]  WARN -- : discarding statistic item after validation error (Invalid timestamp): {:id=>"9", :namespace=>"application", :timestamp=>1720150230, :data=>"{\"duration\":10,\"latency_histogram\":[[0.0,2]],\"http_counters\":{\"status_502\":2,\"request_count\":2}}"}
W, [2024-07-05T03:41:42.249445 #4834]  WARN -- : discarding statistic item after validation error (Invalid timestamp): {:id=>"10", :namespace=>"application", :timestamp=>1720150240, :data=>"{\"duration\":10,\"latency_histogram\":[[0.0,1],[0.001,1]],\"http_counters\":{\"status_502\":2,\"request_count\":2}}"}
W, [2024-07-05T03:41:42.249459 #4834]  WARN -- : discarding statistic item after validation error (Invalid timestamp): {:id=>"11", :namespace=>"application", :timestamp=>1720150260, :data=>"{\"duration\":10,\"latency_histogram\":[[0.0,2]],\"http_counters\":{\"status_502\":2,\"request_count\":2}}"}
W, [2024-07-05T03:41:42.249472 #4834]  WARN -- : discarding statistic item after validation error (Invalid timestamp): {:id=>"12", :namespace=>"application", :timestamp=>1720150270, :data=>"{\"duration\":10,\"latency_histogram\":[[0.0,2]],\"http_counters\":{\"status_502\":2,\"request_count\":2}}"}
W, [2024-07-05T03:41:42.249492 #4834]  WARN -- : discarding statistic item after validation error (Invalid timestamp): {:id=>"13", :namespace=>"application", :timestamp=>1720150290, :data=>"{\"duration\":10,\"latency_histogram\":[[0.0,2]],\"http_counters\":{\"status_502\":2,\"request_count\":2}}"}
W, [2024-07-05T03:41:42.249506 #4834]  WARN -- : discarding statistic item after validation error (Invalid timestamp): {:id=>"14", :namespace=>"application", :timestamp=>1720150300, :data=>"{\"duration\":10,\"latency_histogram\":[[0.0,2]],\"http_counters\":{\"status_502\":2,\"request_count\":2}}"}
W, [2024-07-05T03:41:42.249593 #4834]  WARN -- : discarding statistic item after validation error (Invalid timestamp): {:id=>"15", :namespace=>"application", :timestamp=>1720150320, :data=>"{\"duration\":10,\"latency_histogram\":[[0.0,2]],\"http_counters\":{\"status_502\":2,\"request_count\":2}}"}
W, [2024-07-05T03:41:42.249620 #4834]  WARN -- : discarding statistic item after validation error (Invalid timestamp): {:id=>"16", :namespace=>"application", :timestamp=>1720150330, :data=>"{\"duration\":10,\"latency_histogram\":[[0.0,1],[0.001,1]],\"http_counters\":{\"status_502\":2,\"request_count\":2}}"}
W, [2024-07-05T03:41:42.249637 #4834]  WARN -- : discarding statistic item after validation error (Invalid timestamp): {:id=>"17", :namespace=>"application", :timestamp=>1720150350, :data=>"{\"duration\":10,\"latency_histogram\":[[0.0,1],[0.001,1]],\"http_counters\":{\"status_502\":2,\"request_count\":2}}"}
W, [2024-07-05T03:41:52.222709 #4834]  WARN -- : discarding statistic item after validation error (Invalid timestamp): {:id=>"0", :namespace=>"application", :timestamp=>1720150020, :data=>"{\"duration\":10,\"latency_histogram\":[[0.0,1],[0.001,1]],\"http_counters\":{\"status_502\":2,\"request_count\":2}}"}
W, [2024-07-05T03:41:52.222782 #4834]  WARN -- : discarding statistic item after validation error (Invalid timestamp): {:id=>"1", :namespace=>"application", :timestamp=>1720150030, :data=>"{\"duration\":10,\"latency_histogram\":[[0.0,1],[0.001,1]],\"http_counters\":{\"status_502\":2,\"request_count\":2}}"}
W, [2024-07-05T03:41:52.222802 #4834]  WARN -- : discarding statistic item after validation error (Invalid timestamp): {:id=>"2", :namespace=>"application", :timestamp=>1720150050, :data=>"{\"duration\":10,\"latency_histogram\":[[0.0,1],[0.001,1]],\"http_counters\":{\"status_502\":2,\"request_count\":2}}"}
W, [2024-07-05T03:41:52.222817 #4834]  WARN -- : discarding statistic item after validation error (Invalid timestamp): {:id=>"3", :namespace=>"application", :timestamp=>1720150060, :data=>"{\"duration\":10,\"latency_histogram\":[[0.0,1],[0.001,1]],\"http_counters\":{\"status_502\":2,\"request_count\":2}}"}
W, [2024-07-05T03:41:52.222832 #4834]  WARN -- : discarding statistic item after validation error (Invalid timestamp): {:id=>"4", :namespace=>"application", :timestamp=>1720150080, :data=>"{\"duration\":10,\"latency_histogram\":[[0.0,2]],\"http_counters\":{\"status_502\":2,\"request_count\":2}}"}
F, [2024-07-05T03:52:17.205854 #4834] FATAL -- : /opt/elasticbeanstalk/lib/ruby/lib/ruby/gems/3.1.0/gems/puma-6.4.2/lib/puma/launcher.rb:434:in `block in setup_signals': SIGTERM (SignalException)
	from /opt/elasticbeanstalk/lib/ruby/lib/ruby/gems/3.1.0/gems/puma-6.4.2/lib/puma/single.rb:63:in `join'
	from /opt/elasticbeanstalk/lib/ruby/lib/ruby/gems/3.1.0/gems/puma-6.4.2/lib/puma/single.rb:63:in `run'
	from /opt/elasticbeanstalk/lib/ruby/lib/ruby/gems/3.1.0/gems/puma-6.4.2/lib/puma/launcher.rb:194:in `run'
	from /opt/elasticbeanstalk/lib/ruby/lib/ruby/gems/3.1.0/gems/puma-6.4.2/lib/puma/cli.rb:75:in `run'
	from /opt/elasticbeanstalk/lib/ruby/lib/ruby/gems/3.1.0/gems/healthd-1.0.6/bin/healthd:112:in `block in <top (required)>'
	from /opt/elasticbeanstalk/lib/ruby/lib/ruby/gems/3.1.0/gems/healthd-1.0.6/bin/healthd:19:in `chdir'
	from /opt/elasticbeanstalk/lib/ruby/lib/ruby/gems/3.1.0/gems/healthd-1.0.6/bin/healthd:19:in `<top (required)>'
	from /opt/elasticbeanstalk/lib/ruby/bin/healthd:25:in `load'
	from /opt/elasticbeanstalk/lib/ruby/bin/healthd:25:in `<main>'
A, [2024-07-05T03:52:19.883556 #5735]   ANY -- : healthd daemon 1.0.6 initialized
W, [2024-07-05T03:52:30.008783 #5735]  WARN -- : discarding statistic item after validation error (Invalid timestamp): {:id=>"0", :namespace=>"application", :timestamp=>1720151300, :data=>"{\"duration\":10,\"latency_histogram\":[[0.0,1],[0.001,1]],\"http_counters\":{\"status_502\":2,\"request_count\":2}}"}
W, [2024-07-05T03:52:30.010421 #5735]  WARN -- : discarding statistic item after validation error (Invalid timestamp): {:id=>"1", :namespace=>"application", :timestamp=>1720151310, :data=>"{\"duration\":10,\"latency_histogram\":[[0.0,2]],\"http_counters\":{\"status_502\":2,\"request_count\":2}}"}
W, [2024-07-05T03:52:30.010473 #5735]  WARN -- : discarding statistic item after validation error (Invalid timestamp): {:id=>"2", :namespace=>"application", :timestamp=>1720151330, :data=>"{\"duration\":10,\"latency_histogram\":[[0.0,2]],\"http_counters\":{\"status_502\":2,\"request_count\":2}}"}
W, [2024-07-05T03:52:30.010493 #5735]  WARN -- : discarding statistic item after validation error (Invalid timestamp): {:id=>"3", :namespace=>"application", :timestamp=>1720151340, :data=>"{\"duration\":10,\"latency_histogram\":[[0.0,1],[0.001,1]],\"http_counters\":{\"status_502\":2,\"request_count\":2}}"}
W, [2024-07-05T03:52:30.010510 #5735]  WARN -- : discarding statistic item after validation error (Invalid timestamp): {:id=>"4", :namespace=>"application", :timestamp=>1720151360, :data=>"{\"duration\":10,\"latency_histogram\":[[0.0,2]],\"http_counters\":{\"status_502\":2,\"request_count\":2}}"}
W, [2024-07-05T03:52:30.010526 #5735]  WARN -- : discarding statistic item after validation error (Invalid timestamp): {:id=>"5", :namespace=>"application", :timestamp=>1720151370, :data=>"{\"duration\":10,\"latency_histogram\":[[0.0,1],[0.001,1]],\"http_counters\":{\"status_502\":2,\"request_count\":2}}"}
W, [2024-07-05T03:52:30.010541 #5735]  WARN -- : discarding statistic item after validation error (Invalid timestamp): {:id=>"6", :namespace=>"application", :timestamp=>1720151390, :data=>"{\"duration\":10,\"latency_histogram\":[[0.0,2]],\"http_counters\":{\"status_502\":2,\"request_count\":2}}"}
W, [2024-07-05T03:52:30.010711 #5735]  WARN -- : discarding statistic item after validation error (Invalid timestamp): {:id=>"7", :namespace=>"application", :timestamp=>1720151400, :data=>"{\"duration\":10,\"latency_histogram\":[[0.0,2]],\"http_counters\":{\"status_502\":2,\"request_count\":2}}"}
W, [2024-07-05T03:52:30.010734 #5735]  WARN -- : discarding statistic item after validation error (Invalid timestamp): {:id=>"8", :namespace=>"application", :timestamp=>1720151420, :data=>"{\"duration\":10,\"latency_histogram\":[[0.0,1],[0.001,1]],\"http_counters\":{\"status_502\":2,\"request_count\":2}}"}
W, [2024-07-05T03:52:30.010751 #5735]  WARN -- : discarding statistic item after validation error (Invalid timestamp): {:id=>"9", :namespace=>"application", :timestamp=>1720151430, :data=>"{\"duration\":10,\"latency_histogram\":[[0.0,2]],\"http_counters\":{\"status_502\":2,\"request_count\":2}}"}
W, [2024-07-05T03:52:30.010768 #5735]  WARN -- : discarding statistic item after validation error (Invalid timestamp): {:id=>"10", :namespace=>"application", :timestamp=>1720151450, :data=>"{\"duration\":10,\"latency_histogram\":[[0.0,2]],\"http_counters\":{\"status_502\":2,\"request_count\":2}}"}
W, [2024-07-05T03:52:39.928409 #5735]  WARN -- : discarding statistic item after validation error (Invalid timestamp): {:id=>"0", :namespace=>"application", :timestamp=>1720151010, :data=>"{\"duration\":10,\"latency_histogram\":[[0.0,2]],\"http_counters\":{\"status_502\":2,\"request_count\":2}}"}
W, [2024-07-05T03:52:39.928482 #5735]  WARN -- : discarding statistic item after validation error (Invalid timestamp): {:id=>"1", :namespace=>"application", :timestamp=>1720151030, :data=>"{\"duration\":10,\"latency_histogram\":[[0.0,2]],\"http_counters\":{\"status_502\":2,\"request_count\":2}}"}
W, [2024-07-05T03:52:39.928509 #5735]  WARN -- : discarding statistic item after validation error (Invalid timestamp): {:id=>"2", :namespace=>"application", :timestamp=>1720151040, :data=>"{\"duration\":10,\"latency_histogram\":[[0.0,2]],\"http_counters\":{\"status_502\":2,\"request_count\":2}}"}
W, [2024-07-05T03:52:39.928525 #5735]  WARN -- : discarding statistic item after validation error (Invalid timestamp): {:id=>"3", :namespace=>"application", :timestamp=>1720151060, :data=>"{\"duration\":10,\"latency_histogram\":[[0.0,2]],\"http_counters\":{\"status_502\":2,\"request_count\":2}}"}
W, [2024-07-05T03:52:39.928539 #5735]  WARN -- : discarding statistic item after validation error (Invalid timestamp): {:id=>"4", :namespace=>"application", :timestamp=>1720151070, :data=>"{\"duration\":10,\"latency_histogram\":[[0.0,2]],\"http_counters\":{\"status_502\":2,\"request_count\":2}}"}
W, [2024-07-05T03:52:39.928554 #5735]  WARN -- : discarding statistic item after validation error (Invalid timestamp): {:id=>"5", :namespace=>"application", :timestamp=>1720151090, :data=>"{\"duration\":10,\"latency_histogram\":[[0.001,2]],\"http_counters\":{\"status_502\":2,\"request_count\":2}}"}
W, [2024-07-05T03:52:39.928568 #5735]  WARN -- : discarding statistic item after validation error (Invalid timestamp): {:id=>"6", :namespace=>"application", :timestamp=>1720151100, :data=>"{\"duration\":10,\"latency_histogram\":[[0.0,2]],\"http_counters\":{\"status_502\":2,\"request_count\":2}}"}
W, [2024-07-05T03:52:39.928582 #5735]  WARN -- : discarding statistic item after validation error (Invalid timestamp): {:id=>"7", :namespace=>"application", :timestamp=>1720151120, :data=>"{\"duration\":10,\"latency_histogram\":[[0.0,2]],\"http_counters\":{\"status_502\":2,\"request_count\":2}}"}
W, [2024-07-05T03:52:39.928601 #5735]  WARN -- : discarding statistic item after validation error (Invalid timestamp): {:id=>"8", :namespace=>"application", :timestamp=>1720151130, :data=>"{\"duration\":10,\"latency_histogram\":[[0.0,2]],\"http_counters\":{\"status_502\":2,\"request_count\":2}}"}
W, [2024-07-05T03:52:39.928618 #5735]  WARN -- : discarding statistic item after validation error (Invalid timestamp): {:id=>"9", :namespace=>"application", :timestamp=>1720151150, :data=>"{\"duration\":10,\"latency_histogram\":[[0.0,2]],\"http_counters\":{\"status_502\":2,\"request_count\":2}}"}
W, [2024-07-05T03:52:39.928632 #5735]  WARN -- : discarding statistic item after validation error (Invalid timestamp): {:id=>"10", :namespace=>"application", :timestamp=>1720151160, :data=>"{\"duration\":10,\"latency_histogram\":[[0.0,2]],\"http_counters\":{\"status_502\":2,\"request_count\":2}}"}
W, [2024-07-05T03:52:39.928646 #5735]  WARN -- : discarding statistic item after validation error (Invalid timestamp): {:id=>"11", :namespace=>"application", :timestamp=>1720151180, :data=>"{\"duration\":10,\"latency_histogram\":[[0.0,1],[0.001,1]],\"http_counters\":{\"status_502\":2,\"request_count\":2}}"}
W, [2024-07-05T03:52:39.928663 #5735]  WARN -- : discarding statistic item after validation error (Invalid timestamp): {:id=>"12", :namespace=>"application", :timestamp=>1720151190, :data=>"{\"duration\":10,\"latency_histogram\":[[0.0,2]],\"http_counters\":{\"status_502\":2,\"request_count\":2}}"}
W, [2024-07-05T03:52:39.928678 #5735]  WARN -- : discarding statistic item after validation error (Invalid timestamp): {:id=>"13", :namespace=>"application", :timestamp=>1720151210, :data=>"{\"duration\":10,\"latency_histogram\":[[0.0,2]],\"http_counters\":{\"status_502\":2,\"request_count\":2}}"}
W, [2024-07-05T03:52:39.928691 #5735]  WARN -- : discarding statistic item after validation error (Invalid timestamp): {:id=>"14", :namespace=>"application", :timestamp=>1720151220, :data=>"{\"duration\":10,\"latency_histogram\":[[0.0,1],[0.001,1]],\"http_counters\":{\"status_502\":2,\"request_count\":2}}"}
W, [2024-07-05T03:52:39.928704 #5735]  WARN -- : discarding statistic item after validation error (Invalid timestamp): {:id=>"15", :namespace=>"application", :timestamp=>1720151240, :data=>"{\"duration\":10,\"latency_histogram\":[[0.0,1],[0.001,1]],\"http_counters\":{\"status_502\":2,\"request_count\":2}}"}
W, [2024-07-05T03:52:39.928723 #5735]  WARN -- : discarding statistic item after validation error (Invalid timestamp): {:id=>"16", :namespace=>"application", :timestamp=>1720151250, :data=>"{\"duration\":10,\"latency_histogram\":[[0.0,2]],\"http_counters\":{\"status_502\":2,\"request_count\":2}}"}
W, [2024-07-05T03:52:39.928737 #5735]  WARN -- : discarding statistic item after validation error (Invalid timestamp): {:id=>"17", :namespace=>"application", :timestamp=>1720151270, :data=>"{\"duration\":10,\"latency_histogram\":[[0.0,2]],\"http_counters\":{\"status_502\":2,\"request_count\":2}}"}
W, [2024-07-05T03:52:39.928750 #5735]  WARN -- : discarding statistic item after validation error (Invalid timestamp): {:id=>"18", :namespace=>"application", :timestamp=>1720151280, :data=>"{\"duration\":10,\"latency_histogram\":[[0.0,2]],\"http_counters\":{\"status_502\":2,\"request_count\":2}}"}
W, [2024-07-05T03:52:49.926740 #5735]  WARN -- : discarding statistic item after validation error (Invalid timestamp): {:id=>"0", :namespace=>"application", :timestamp=>1720150750, :data=>"{\"duration\":10,\"latency_histogram\":[[0.0,2]],\"http_counters\":{\"status_502\":2,\"request_count\":2}}"}
W, [2024-07-05T03:52:49.926812 #5735]  WARN -- : discarding statistic item after validation error (Invalid timestamp): {:id=>"1", :namespace=>"application", :timestamp=>1720150770, :data=>"{\"duration\":10,\"latency_histogram\":[[0.0,2]],\"http_counters\":{\"status_502\":2,\"request_count\":2}}"}
W, [2024-07-05T03:52:49.926831 #5735]  WARN -- : discarding statistic item after validation error (Invalid timestamp): {:id=>"2", :namespace=>"application", :timestamp=>1720150780, :data=>"{\"duration\":10,\"latency_histogram\":[[0.0,2]],\"http_counters\":{\"status_502\":2,\"request_count\":2}}"}
W, [2024-07-05T03:52:49.926849 #5735]  WARN -- : discarding statistic item after validation error (Invalid timestamp): {:id=>"3", :namespace=>"application", :timestamp=>1720150800, :data=>"{\"duration\":10,\"latency_histogram\":[[0.0,2]],\"http_counters\":{\"status_502\":2,\"request_count\":2}}"}
W, [2024-07-05T03:52:49.926868 #5735]  WARN -- : discarding statistic item after validation error (Invalid timestamp): {:id=>"4", :namespace=>"application", :timestamp=>1720150810, :data=>"{\"duration\":10,\"latency_histogram\":[[0.0,2]],\"http_counters\":{\"status_502\":2,\"request_count\":2}}"}
W, [2024-07-05T03:52:49.926885 #5735]  WARN -- : discarding statistic item after validation error (Invalid timestamp): {:id=>"5", :namespace=>"application", :timestamp=>1720150830, :data=>"{\"duration\":10,\"latency_histogram\":[[0.0,2]],\"http_counters\":{\"status_502\":2,\"request_count\":2}}"}
W, [2024-07-05T03:52:49.926903 #5735]  WARN -- : discarding statistic item after validation error (Invalid timestamp): {:id=>"6", :namespace=>"application", :timestamp=>1720150840, :data=>"{\"duration\":10,\"latency_histogram\":[[0.0,1]],\"http_counters\":{\"status_502\":1,\"request_count\":1}}"}
W, [2024-07-05T03:52:49.926919 #5735]  WARN -- : discarding statistic item after validation error (Invalid timestamp): {:id=>"7", :namespace=>"application", :timestamp=>1720150850, :data=>"{\"duration\":10,\"latency_histogram\":[[0.0,1]],\"http_counters\":{\"status_502\":1,\"request_count\":1}}"}
W, [2024-07-05T03:52:49.926934 #5735]  WARN -- : discarding statistic item after validation error (Invalid timestamp): {:id=>"8", :namespace=>"application", :timestamp=>1720150860, :data=>"{\"duration\":10,\"latency_histogram\":[[0.0,2]],\"http_counters\":{\"status_502\":2,\"request_count\":2}}"}
W, [2024-07-05T03:52:49.926952 #5735]  WARN -- : discarding statistic item after validation error (Invalid timestamp): {:id=>"9", :namespace=>"application", :timestamp=>1720150880, :data=>"{\"duration\":10,\"latency_histogram\":[[0.001,2]],\"http_counters\":{\"status_502\":2,\"request_count\":2}}"}
W, [2024-07-05T03:52:49.926973 #5735]  WARN -- : discarding statistic item after validation error (Invalid timestamp): {:id=>"10", :namespace=>"application", :timestamp=>1720150890, :data=>"{\"duration\":10,\"latency_histogram\":[[0.0,2]],\"http_counters\":{\"status_502\":2,\"request_count\":2}}"}
W, [2024-07-05T03:52:49.926988 #5735]  WARN -- : discarding statistic item after validation error (Invalid timestamp): {:id=>"11", :namespace=>"application", :timestamp=>1720150910, :data=>"{\"duration\":10,\"latency_histogram\":[[0.0,2]],\"http_counters\":{\"status_502\":2,\"request_count\":2}}"}
W, [2024-07-05T03:52:49.927006 #5735]  WARN -- : discarding statistic item after validation error (Invalid timestamp): {:id=>"12", :namespace=>"application", :timestamp=>1720150920, :data=>"{\"duration\":10,\"latency_histogram\":[[0.0,2]],\"http_counters\":{\"status_502\":2,\"request_count\":2}}"}
W, [2024-07-05T03:52:49.927021 #5735]  WARN -- : discarding statistic item after validation error (Invalid timestamp): {:id=>"13", :namespace=>"application", :timestamp=>1720150940, :data=>"{\"duration\":10,\"latency_histogram\":[[0.0,2]],\"http_counters\":{\"status_502\":2,\"request_count\":2}}"}
W, [2024-07-05T03:52:49.927035 #5735]  WARN -- : discarding statistic item after validation error (Invalid timestamp): {:id=>"14", :namespace=>"application", :timestamp=>1720150950, :data=>"{\"duration\":10,\"latency_histogram\":[[0.0,2]],\"http_counters\":{\"status_502\":2,\"request_count\":2}}"}
W, [2024-07-05T03:52:49.927051 #5735]  WARN -- : discarding statistic item after validation error (Invalid timestamp): {:id=>"15", :namespace=>"application", :timestamp=>1720150970, :data=>"{\"duration\":10,\"latency_histogram\":[[0.0,2]],\"http_counters\":{\"status_502\":2,\"request_count\":2}}"}
W, [2024-07-05T03:52:49.927065 #5735]  WARN -- : discarding statistic item after validation error (Invalid timestamp): {:id=>"16", :namespace=>"application", :timestamp=>1720150980, :data=>"{\"duration\":10,\"latency_histogram\":[[0.0,2]],\"http_counters\":{\"status_502\":2,\"request_count\":2}}"}
W, [2024-07-05T03:52:49.927090 #5735]  WARN -- : discarding statistic item after validation error (Invalid timestamp): {:id=>"17", :namespace=>"application", :timestamp=>1720151000, :data=>"{\"duration\":10,\"latency_histogram\":[[0.0,1],[0.001,1]],\"http_counters\":{\"status_502\":2,\"request_count\":2}}"}
W, [2024-07-05T03:52:59.916530 #5735]  WARN -- : discarding statistic item after validation error (Invalid timestamp): {:id=>"0", :namespace=>"application", :timestamp=>1720150500, :data=>"{\"duration\":10,\"latency_histogram\":[[0.0,2]],\"http_counters\":{\"status_502\":2,\"request_count\":2}}"}
W, [2024-07-05T03:52:59.916599 #5735]  WARN -- : discarding statistic item after validation error (Invalid timestamp): {:id=>"1", :namespace=>"application", :timestamp=>1720150510, :data=>"{\"duration\":10,\"latency_histogram\":[[0.0,2]],\"http_counters\":{\"status_502\":2,\"request_count\":2}}"}
W, [2024-07-05T03:52:59.916619 #5735]  WARN -- : discarding statistic item after validation error (Invalid timestamp): {:id=>"2", :namespace=>"application", :timestamp=>1720150530, :data=>"{\"duration\":10,\"latency_histogram\":[[0.0,2]],\"http_counters\":{\"status_502\":2,\"request_count\":2}}"}
W, [2024-07-05T03:52:59.916636 #5735]  WARN -- : discarding statistic item after validation error (Invalid timestamp): {:id=>"3", :namespace=>"application", :timestamp=>1720150540, :data=>"{\"duration\":10,\"latency_histogram\":[[0.0,1],[0.001,1]],\"http_counters\":{\"status_502\":2,\"request_count\":2}}"}
W, [2024-07-05T03:52:59.916653 #5735]  WARN -- : discarding statistic item after validation error (Invalid timestamp): {:id=>"4", :namespace=>"application", :timestamp=>1720150560, :data=>"{\"duration\":10,\"latency_histogram\":[[0.0,2]],\"http_counters\":{\"status_502\":2,\"request_count\":2}}"}
W, [2024-07-05T03:52:59.916669 #5735]  WARN -- : discarding statistic item after validation error (Invalid timestamp): {:id=>"5", :namespace=>"application", :timestamp=>1720150570, :data=>"{\"duration\":10,\"latency_histogram\":[[0.0,1],[0.001,1]],\"http_counters\":{\"status_502\":2,\"request_count\":2}}"}
W, [2024-07-05T03:52:59.916693 #5735]  WARN -- : discarding statistic item after validation error (Invalid timestamp): {:id=>"6", :namespace=>"application", :timestamp=>1720150590, :data=>"{\"duration\":10,\"latency_histogram\":[[0.0,1],[0.001,1]],\"http_counters\":{\"status_502\":2,\"request_count\":2}}"}
W, [2024-07-05T03:52:59.916709 #5735]  WARN -- : discarding statistic item after validation error (Invalid timestamp): {:id=>"7", :namespace=>"application", :timestamp=>1720150600, :data=>"{\"duration\":10,\"latency_histogram\":[[0.0,2]],\"http_counters\":{\"status_502\":2,\"request_count\":2}}"}
W, [2024-07-05T03:52:59.916724 #5735]  WARN -- : discarding statistic item after validation error (Invalid timestamp): {:id=>"8", :namespace=>"application", :timestamp=>1720150610, :data=>"{\"duration\":10,\"latency_histogram\":[[0.0,1]],\"http_counters\":{\"status_502\":1,\"request_count\":1}}"}
W, [2024-07-05T03:52:59.916740 #5735]  WARN -- : discarding statistic item after validation error (Invalid timestamp): {:id=>"9", :namespace=>"application", :timestamp=>1720150620, :data=>"{\"duration\":10,\"latency_histogram\":[[0.0,1],[0.001,1]],\"http_counters\":{\"status_502\":2,\"request_count\":2}}"}
W, [2024-07-05T03:52:59.916755 #5735]  WARN -- : discarding statistic item after validation error (Invalid timestamp): {:id=>"10", :namespace=>"application", :timestamp=>1720150630, :data=>"{\"duration\":10,\"latency_histogram\":[[0.0,2]],\"http_counters\":{\"status_502\":2,\"request_count\":2}}"}
W, [2024-07-05T03:52:59.916770 #5735]  WARN -- : discarding statistic item after validation error (Invalid timestamp): {:id=>"11", :namespace=>"application", :timestamp=>1720150650, :data=>"{\"duration\":10,\"latency_histogram\":[[0.0,1],[0.001,1]],\"http_counters\":{\"status_502\":2,\"request_count\":2}}"}
W, [2024-07-05T03:52:59.916785 #5735]  WARN -- : discarding statistic item after validation error (Invalid timestamp): {:id=>"12", :namespace=>"application", :timestamp=>1720150660, :data=>"{\"duration\":10,\"latency_histogram\":[[0.0,2]],\"http_counters\":{\"status_502\":2,\"request_count\":2}}"}
W, [2024-07-05T03:52:59.916800 #5735]  WARN -- : discarding statistic item after validation error (Invalid timestamp): {:id=>"13", :namespace=>"application", :timestamp=>1720150680, :data=>"{\"duration\":10,\"latency_histogram\":[[0.0,2]],\"http_counters\":{\"status_502\":2,\"request_count\":2}}"}
W, [2024-07-05T03:52:59.916815 #5735]  WARN -- : discarding statistic item after validation error (Invalid timestamp): {:id=>"14", :namespace=>"application", :timestamp=>1720150690, :data=>"{\"duration\":10,\"latency_histogram\":[[0.0,2]],\"http_counters\":{\"status_502\":2,\"request_count\":2}}"}
W, [2024-07-05T03:52:59.916829 #5735]  WARN -- : discarding statistic item after validation error (Invalid timestamp): {:id=>"15", :namespace=>"application", :timestamp=>1720150710, :data=>"{\"duration\":10,\"latency_histogram\":[[0.0,2]],\"http_counters\":{\"status_502\":2,\"request_count\":2}}"}
W, [2024-07-05T03:52:59.916844 #5735]  WARN -- : discarding statistic item after validation error (Invalid timestamp): {:id=>"16", :namespace=>"application", :timestamp=>1720150720, :data=>"{\"duration\":10,\"latency_histogram\":[[0.0,2]],\"http_counters\":{\"status_502\":2,\"request_count\":2}}"}
W, [2024-07-05T03:52:59.916859 #5735]  WARN -- : discarding statistic item after validation error (Invalid timestamp): {:id=>"17", :namespace=>"application", :timestamp=>1720150740, :data=>"{\"duration\":10,\"latency_histogram\":[[0.0,1],[0.001,1]],\"http_counters\":{\"status_502\":2,\"request_count\":2}}"}
W, [2024-07-05T03:53:09.907963 #5735]  WARN -- : discarding statistic item after validation error (Invalid timestamp): {:id=>"0", :namespace=>"application", :timestamp=>1720150200, :data=>"{\"duration\":10,\"latency_histogram\":[[0.0,1],[0.001,1]],\"http_counters\":{\"status_502\":2,\"request_count\":2}}"}
W, [2024-07-05T03:53:09.908036 #5735]  WARN -- : discarding statistic item after validation error (Invalid timestamp): {:id=>"1", :namespace=>"application", :timestamp=>1720150210, :data=>"{\"duration\":10,\"latency_histogram\":[[0.0,2]],\"http_counters\":{\"status_502\":2,\"request_count\":2}}"}
W, [2024-07-05T03:53:09.908066 #5735]  WARN -- : discarding statistic item after validation error (Invalid timestamp): {:id=>"2", :namespace=>"application", :timestamp=>1720150230, :data=>"{\"duration\":10,\"latency_histogram\":[[0.0,2]],\"http_counters\":{\"status_502\":2,\"request_count\":2}}"}
W, [2024-07-05T03:53:09.908085 #5735]  WARN -- : discarding statistic item after validation error (Invalid timestamp): {:id=>"3", :namespace=>"application", :timestamp=>1720150240, :data=>"{\"duration\":10,\"latency_histogram\":[[0.0,1],[0.001,1]],\"http_counters\":{\"status_502\":2,\"request_count\":2}}"}
W, [2024-07-05T03:53:09.908100 #5735]  WARN -- : discarding statistic item after validation error (Invalid timestamp): {:id=>"4", :namespace=>"application", :timestamp=>1720150260, :data=>"{\"duration\":10,\"latency_histogram\":[[0.0,2]],\"http_counters\":{\"status_502\":2,\"request_count\":2}}"}
W, [2024-07-05T03:53:09.908115 #5735]  WARN -- : discarding statistic item after validation error (Invalid timestamp): {:id=>"5", :namespace=>"application", :timestamp=>1720150270, :data=>"{\"duration\":10,\"latency_histogram\":[[0.0,2]],\"http_counters\":{\"status_502\":2,\"request_count\":2}}"}
W, [2024-07-05T03:53:09.908130 #5735]  WARN -- : discarding statistic item after validation error (Invalid timestamp): {:id=>"6", :namespace=>"application", :timestamp=>1720150290, :data=>"{\"duration\":10,\"latency_histogram\":[[0.0,2]],\"http_counters\":{\"status_502\":2,\"request_count\":2}}"}
W, [2024-07-05T03:53:09.908145 #5735]  WARN -- : discarding statistic item after validation error (Invalid timestamp): {:id=>"7", :namespace=>"application", :timestamp=>1720150300, :data=>"{\"duration\":10,\"latency_histogram\":[[0.0,2]],\"http_counters\":{\"status_502\":2,\"request_count\":2}}"}
W, [2024-07-05T03:53:09.908160 #5735]  WARN -- : discarding statistic item after validation error (Invalid timestamp): {:id=>"8", :namespace=>"application", :timestamp=>1720150320, :data=>"{\"duration\":10,\"latency_histogram\":[[0.0,2]],\"http_counters\":{\"status_502\":2,\"request_count\":2}}"}
W, [2024-07-05T03:53:09.908174 #5735]  WARN -- : discarding statistic item after validation error (Invalid timestamp): {:id=>"9", :namespace=>"application", :timestamp=>1720150330, :data=>"{\"duration\":10,\"latency_histogram\":[[0.0,1],[0.001,1]],\"http_counters\":{\"status_502\":2,\"request_count\":2}}"}
W, [2024-07-05T03:53:09.908189 #5735]  WARN -- : discarding statistic item after validation error (Invalid timestamp): {:id=>"10", :namespace=>"application", :timestamp=>1720150350, :data=>"{\"duration\":10,\"latency_histogram\":[[0.0,1],[0.001,1]],\"http_counters\":{\"status_502\":2,\"request_count\":2}}"}
W, [2024-07-05T03:53:09.908204 #5735]  WARN -- : discarding statistic item after validation error (Invalid timestamp): {:id=>"11", :namespace=>"application", :timestamp=>1720150360, :data=>"{\"duration\":10,\"latency_histogram\":[[0.0,2]],\"http_counters\":{\"status_502\":2,\"request_count\":2}}"}
W, [2024-07-05T03:53:09.908219 #5735]  WARN -- : discarding statistic item after validation error (Invalid timestamp): {:id=>"12", :namespace=>"application", :timestamp=>1720150380, :data=>"{\"duration\":10,\"latency_histogram\":[[0.0,2]],\"http_counters\":{\"status_502\":2,\"request_count\":2}}"}
W, [2024-07-05T03:53:09.908232 #5735]  WARN -- : discarding statistic item after validation error (Invalid timestamp): {:id=>"13", :namespace=>"application", :timestamp=>1720150390, :data=>"{\"duration\":10,\"latency_histogram\":[[0.0,2]],\"http_counters\":{\"status_502\":2,\"request_count\":2}}"}
W, [2024-07-05T03:53:09.908246 #5735]  WARN -- : discarding statistic item after validation error (Invalid timestamp): {:id=>"14", :namespace=>"application", :timestamp=>1720150410, :data=>"{\"duration\":10,\"latency_histogram\":[[0.0,2]],\"http_counters\":{\"status_502\":2,\"request_count\":2}}"}
W, [2024-07-05T03:53:09.908261 #5735]  WARN -- : discarding statistic item after validation error (Invalid timestamp): {:id=>"15", :namespace=>"application", :timestamp=>1720150420, :data=>"{\"duration\":10,\"latency_histogram\":[[0.0,2]],\"http_counters\":{\"status_502\":2,\"request_count\":2}}"}
W, [2024-07-05T03:53:09.908275 #5735]  WARN -- : discarding statistic item after validation error (Invalid timestamp): {:id=>"16", :namespace=>"application", :timestamp=>1720150440, :data=>"{\"duration\":10,\"latency_histogram\":[[0.001,2]],\"http_counters\":{\"status_502\":2,\"request_count\":2}}"}
W, [2024-07-05T03:53:09.908290 #5735]  WARN -- : discarding statistic item after validation error (Invalid timestamp): {:id=>"17", :namespace=>"application", :timestamp=>1720150450, :data=>"{\"duration\":10,\"latency_histogram\":[[0.0,1],[0.001,1]],\"http_counters\":{\"status_502\":2,\"request_count\":2}}"}
W, [2024-07-05T03:53:09.908304 #5735]  WARN -- : discarding statistic item after validation error (Invalid timestamp): {:id=>"18", :namespace=>"application", :timestamp=>1720150480, :data=>"{\"duration\":10,\"latency_histogram\":[[0.0,2]],\"http_counters\":{\"status_502\":2,\"request_count\":2}}"}
W, [2024-07-05T03:53:19.907392 #5735]  WARN -- : discarding statistic item after validation error (Invalid timestamp): {:id=>"0", :namespace=>"application", :timestamp=>1720150020, :data=>"{\"duration\":10,\"latency_histogram\":[[0.0,1],[0.001,1]],\"http_counters\":{\"status_502\":2,\"request_count\":2}}"}
W, [2024-07-05T03:53:19.907462 #5735]  WARN -- : discarding statistic item after validation error (Invalid timestamp): {:id=>"1", :namespace=>"application", :timestamp=>1720150030, :data=>"{\"duration\":10,\"latency_histogram\":[[0.0,1],[0.001,1]],\"http_counters\":{\"status_502\":2,\"request_count\":2}}"}
W, [2024-07-05T03:53:19.907482 #5735]  WARN -- : discarding statistic item after validation error (Invalid timestamp): {:id=>"2", :namespace=>"application", :timestamp=>1720150050, :data=>"{\"duration\":10,\"latency_histogram\":[[0.0,1],[0.001,1]],\"http_counters\":{\"status_502\":2,\"request_count\":2}}"}
W, [2024-07-05T03:53:19.907500 #5735]  WARN -- : discarding statistic item after validation error (Invalid timestamp): {:id=>"3", :namespace=>"application", :timestamp=>1720150060, :data=>"{\"duration\":10,\"latency_histogram\":[[0.0,1],[0.001,1]],\"http_counters\":{\"status_502\":2,\"request_count\":2}}"}
W, [2024-07-05T03:53:19.907517 #5735]  WARN -- : discarding statistic item after validation error (Invalid timestamp): {:id=>"4", :namespace=>"application", :timestamp=>1720150080, :data=>"{\"duration\":10,\"latency_histogram\":[[0.0,2]],\"http_counters\":{\"status_502\":2,\"request_count\":2}}"}
W, [2024-07-05T03:53:19.907532 #5735]  WARN -- : discarding statistic item after validation error (Invalid timestamp): {:id=>"5", :namespace=>"application", :timestamp=>1720150090, :data=>"{\"duration\":10,\"latency_histogram\":[[0.0,2]],\"http_counters\":{\"status_502\":2,\"request_count\":2}}"}
W, [2024-07-05T03:53:19.907547 #5735]  WARN -- : discarding statistic item after validation error (Invalid timestamp): {:id=>"6", :namespace=>"application", :timestamp=>1720150110, :data=>"{\"duration\":10,\"latency_histogram\":[[0.0,2]],\"http_counters\":{\"status_502\":2,\"request_count\":2}}"}
W, [2024-07-05T03:53:19.907562 #5735]  WARN -- : discarding statistic item after validation error (Invalid timestamp): {:id=>"7", :namespace=>"application", :timestamp=>1720150120, :data=>"{\"duration\":10,\"latency_histogram\":[[0.0,2]],\"http_counters\":{\"status_502\":2,\"request_count\":2}}"}
W, [2024-07-05T03:53:19.907577 #5735]  WARN -- : discarding statistic item after validation error (Invalid timestamp): {:id=>"8", :namespace=>"application", :timestamp=>1720150140, :data=>"{\"duration\":10,\"latency_histogram\":[[0.0,2]],\"http_counters\":{\"status_502\":2,\"request_count\":2}}"}
W, [2024-07-05T03:53:19.907593 #5735]  WARN -- : discarding statistic item after validation error (Invalid timestamp): {:id=>"9", :namespace=>"application", :timestamp=>1720150150, :data=>"{\"duration\":10,\"latency_histogram\":[[0.0,2]],\"http_counters\":{\"status_502\":2,\"request_count\":2}}"}
W, [2024-07-05T03:53:19.907614 #5735]  WARN -- : discarding statistic item after validation error (Invalid timestamp): {:id=>"10", :namespace=>"application", :timestamp=>1720150170, :data=>"{\"duration\":10,\"latency_histogram\":[[0.0,2]],\"http_counters\":{\"status_502\":2,\"request_count\":2}}"}
W, [2024-07-05T03:53:19.907630 #5735]  WARN -- : discarding statistic item after validation error (Invalid timestamp): {:id=>"11", :namespace=>"application", :timestamp=>1720150180, :data=>"{\"duration\":10,\"latency_histogram\":[[0.0,2]],\"http_counters\":{\"status_502\":2,\"request_count\":2}}"}
W, [2024-07-05T04:00:01.242423 #5735]  WARN -- : log file "/var/log/nginx/healthd/application.log.2024-07-05-04" does not exist
W, [2024-07-05T04:00:06.242702 #5735]  WARN -- : log file "/var/log/nginx/healthd/application.log.2024-07-05-04" does not exist
F, [2024-07-05T04:00:12.104827 #5735] FATAL -- : /opt/elasticbeanstalk/lib/ruby/lib/ruby/gems/3.1.0/gems/puma-6.4.2/lib/puma/launcher.rb:434:in `block in setup_signals': SIGTERM (SignalException)
	from /opt/elasticbeanstalk/lib/ruby/lib/ruby/gems/3.1.0/gems/puma-6.4.2/lib/puma/single.rb:63:in `join'
	from /opt/elasticbeanstalk/lib/ruby/lib/ruby/gems/3.1.0/gems/puma-6.4.2/lib/puma/single.rb:63:in `run'
	from /opt/elasticbeanstalk/lib/ruby/lib/ruby/gems/3.1.0/gems/puma-6.4.2/lib/puma/launcher.rb:194:in `run'
	from /opt/elasticbeanstalk/lib/ruby/lib/ruby/gems/3.1.0/gems/puma-6.4.2/lib/puma/cli.rb:75:in `run'
	from /opt/elasticbeanstalk/lib/ruby/lib/ruby/gems/3.1.0/gems/healthd-1.0.6/bin/healthd:112:in `block in <top (required)>'
	from /opt/elasticbeanstalk/lib/ruby/lib/ruby/gems/3.1.0/gems/healthd-1.0.6/bin/healthd:19:in `chdir'
	from /opt/elasticbeanstalk/lib/ruby/lib/ruby/gems/3.1.0/gems/healthd-1.0.6/bin/healthd:19:in `<top (required)>'
	from /opt/elasticbeanstalk/lib/ruby/bin/healthd:25:in `load'
	from /opt/elasticbeanstalk/lib/ruby/bin/healthd:25:in `<main>'
A, [2024-07-05T04:00:15.199143 #6497]   ANY -- : healthd daemon 1.0.6 initialized
F, [2024-07-05T04:01:13.249655 #6497] FATAL -- : /opt/elasticbeanstalk/lib/ruby/lib/ruby/gems/3.1.0/gems/puma-6.4.2/lib/puma/launcher.rb:434:in `block in setup_signals': SIGTERM (SignalException)
	from /opt/elasticbeanstalk/lib/ruby/lib/ruby/gems/3.1.0/gems/puma-6.4.2/lib/puma/single.rb:63:in `join'
	from /opt/elasticbeanstalk/lib/ruby/lib/ruby/gems/3.1.0/gems/puma-6.4.2/lib/puma/single.rb:63:in `run'
	from /opt/elasticbeanstalk/lib/ruby/lib/ruby/gems/3.1.0/gems/puma-6.4.2/lib/puma/launcher.rb:194:in `run'
	from /opt/elasticbeanstalk/lib/ruby/lib/ruby/gems/3.1.0/gems/puma-6.4.2/lib/puma/cli.rb:75:in `run'
	from /opt/elasticbeanstalk/lib/ruby/lib/ruby/gems/3.1.0/gems/healthd-1.0.6/bin/healthd:112:in `block in <top (required)>'
	from /opt/elasticbeanstalk/lib/ruby/lib/ruby/gems/3.1.0/gems/healthd-1.0.6/bin/healthd:19:in `chdir'
	from /opt/elasticbeanstalk/lib/ruby/lib/ruby/gems/3.1.0/gems/healthd-1.0.6/bin/healthd:19:in `<top (required)>'
	from /opt/elasticbeanstalk/lib/ruby/bin/healthd:25:in `load'
	from /opt/elasticbeanstalk/lib/ruby/bin/healthd:25:in `<main>'
A, [2024-07-05T04:01:15.872620 #7145]   ANY -- : healthd daemon 1.0.6 initialized
