2024-07-05 03:19:27,205 [DEBUG] CloudFormation client initialized with endpoint https://cloudformation.us-west-2.amazonaws.com
2024-07-05 03:19:27,205 [DEBUG] SQS client initialized with endpoint https://sqs.us-west-2.amazonaws.com
2024-07-05 03:19:27,206 [DEBUG] CloudFormation client initialized with endpoint https://cloudformation.us-west-2.amazonaws.com
2024-07-05 03:19:27,206 [DEBUG] Enabled single threading mode.
2024-07-05 03:19:27,206 [DEBUG] Creating /var/lib/cfn-hup/data
2024-07-05 03:19:27,228 [INFO] No umask value specified in config file. Using the default one: 0o22
2024-07-05 03:19:27,355 [INFO] Pid: 1795
2024-07-05 03:19:27,817 [INFO] Refreshing listener credentials
2024-07-05 03:19:28,132 [INFO] Scheduling next credential refresh in 1799.0 seconds
2024-07-05 03:21:13,987 [INFO] Received command ElasticBeanstalkCommand-AWSEBAutoScalingGroup (invocation id: c436e829-90f8-4b2b-823c-528ca90880ce)
2024-07-05 03:21:13,987 [INFO] Running action for aws-eb-command-handler
2024-07-05 03:21:16,201 [INFO] Action for aws-eb-command-handler succeeded, returning SUCCESS
2024-07-05 03:24:36,866 [INFO] command processing is alive.
2024-07-05 03:26:42,975 [INFO] Received command ElasticBeanstalkCommand-AWSEBAutoScalingGroup (invocation id: e33ced97-309b-4404-aece-27761c71d435)
2024-07-05 03:26:42,975 [INFO] Running action for aws-eb-command-handler
2024-07-05 03:26:50,540 [INFO] Action for aws-eb-command-handler succeeded, returning SUCCESS
2024-07-05 03:28:46,439 [INFO] Received command ElasticBeanstalkCommand-AWSEBAutoScalingGroup (invocation id: 08c56729-0cbc-42b6-b35e-9096daf92bef)
2024-07-05 03:28:46,439 [INFO] Running action for aws-eb-command-handler
2024-07-05 03:28:47,467 [INFO] Action for aws-eb-command-handler succeeded, returning SUCCESS
2024-07-05 03:29:47,810 [INFO] command processing is alive.
2024-07-05 03:33:13,681 [INFO] Received command ElasticBeanstalkCommand-AWSEBAutoScalingGroup (invocation id: 2adcfc46-7b12-4f4f-bd0e-b74027037006)
2024-07-05 03:33:13,682 [INFO] Running action for aws-eb-command-handler
2024-07-05 03:33:23,217 [INFO] Action for aws-eb-command-handler succeeded, returning SUCCESS
2024-07-05 03:34:17,265 [INFO] Received command ElasticBeanstalkCommand-AWSEBAutoScalingGroup (invocation id: 60340493-b0ff-4873-9666-c602384287c3)
2024-07-05 03:34:17,265 [INFO] Running action for aws-eb-command-handler
2024-07-05 03:34:26,037 [INFO] Action for aws-eb-command-handler succeeded, returning SUCCESS
2024-07-05 03:35:06,348 [INFO] command processing is alive.
2024-07-05 03:36:36,179 [INFO] Received command ElasticBeanstalkCommand-AWSEBAutoScalingGroup (invocation id: c21500ab-493c-4ed9-ab51-17f6553196ef)
2024-07-05 03:36:36,179 [INFO] Running action for aws-eb-command-handler
2024-07-05 03:36:45,926 [INFO] Action for aws-eb-command-handler succeeded, returning SUCCESS
2024-07-05 03:37:51,052 [INFO] Received command ElasticBeanstalkCommand-AWSEBAutoScalingGroup (invocation id: d2acbb79-6573-4041-a377-6c9a4fd0ee59)
2024-07-05 03:37:51,052 [INFO] Running action for aws-eb-command-handler
2024-07-05 03:37:52,060 [INFO] Action for aws-eb-command-handler succeeded, returning SUCCESS
2024-07-05 03:40:12,538 [INFO] command processing is alive.
2024-07-05 03:41:07,375 [INFO] Received command ElasticBeanstalkCommand-AWSEBAutoScalingGroup (invocation id: 75086afe-b906-4479-ad63-f4c189e2186b)
2024-07-05 03:41:07,375 [INFO] Running action for aws-eb-command-handler
2024-07-05 03:41:16,995 [INFO] Action for aws-eb-command-handler succeeded, returning SUCCESS
2024-07-05 03:43:22,985 [INFO] Received command ElasticBeanstalkCommand-AWSEBAutoScalingGroup (invocation id: e67bcb51-14c6-4cad-b0d5-ccd7f847a7b2)
2024-07-05 03:43:22,986 [INFO] Running action for aws-eb-command-handler
2024-07-05 03:43:24,046 [INFO] Action for aws-eb-command-handler succeeded, returning SUCCESS
2024-07-05 03:45:24,512 [INFO] command processing is alive.
2024-07-05 03:49:27,133 [INFO] Refreshing listener credentials
2024-07-05 03:49:27,259 [INFO] Scheduling next credential refresh in 1799.0 seconds
2024-07-05 03:50:25,354 [INFO] command processing is alive.
2024-07-05 03:52:15,203 [INFO] Received command ElasticBeanstalkCommand-AWSEBAutoScalingGroup (invocation id: 3a074289-af5b-46be-9553-121807dbe5d8)
2024-07-05 03:52:15,203 [INFO] Running action for aws-eb-command-handler
2024-07-05 03:52:24,181 [INFO] Action for aws-eb-command-handler succeeded, returning SUCCESS
2024-07-05 03:55:45,035 [INFO] command processing is alive.
2024-07-05 04:00:10,406 [INFO] Received command ElasticBeanstalkCommand-AWSEBAutoScalingGroup (invocation id: 73af56c5-77b2-4868-9214-c5aee45fa696)
2024-07-05 04:00:10,406 [INFO] Running action for aws-eb-command-handler
2024-07-05 04:00:19,967 [INFO] Action for aws-eb-command-handler succeeded, returning SUCCESS
2024-07-05 04:01:00,268 [INFO] command processing is alive.
2024-07-05 04:01:10,881 [INFO] Received command ElasticBeanstalkCommand-AWSEBAutoScalingGroup (invocation id: b46f5a6f-7e34-4105-99c7-8de96d9fab6c)
2024-07-05 04:01:10,881 [INFO] Running action for aws-eb-command-handler
2024-07-05 04:01:20,692 [INFO] Action for aws-eb-command-handler succeeded, returning SUCCESS
2024-07-05 04:02:04,402 [INFO] Received command ElasticBeanstalkCommand-AWSEBAutoScalingGroup (invocation id: 058baecf-057b-47a3-b786-94b45aa15c38)
2024-07-05 04:02:04,403 [INFO] Running action for aws-eb-command-handler
