2024-07-05 03:19:18,006 P1668 [INFO] ************************************************************
2024-07-05 03:19:18,007 P1668 [INFO] ConfigSet _OnInstanceBoot
2024-07-05 03:19:18,010 P1668 [INFO] ++++++++++++++++++++++++++++++++++++++++++++++++++++++++++++
2024-07-05 03:19:18,010 P1668 [INFO] Config AWSEBBaseConfig
2024-07-05 03:19:18,694 P1668 [INFO] ============================================================
2024-07-05 03:19:18,694 P1668 [INFO] Command clearbackupfiles
2024-07-05 03:19:18,731 P1668 [INFO] Completed successfully.
2024-07-05 03:19:18,737 P1668 [INFO] ++++++++++++++++++++++++++++++++++++++++++++++++++++++++++++
2024-07-05 03:19:18,737 P1668 [INFO] Config AWSEBCfnHupEndpointOverride
2024-07-05 03:19:18,738 P1668 [INFO] ============================================================
2024-07-05 03:19:18,738 P1668 [INFO] Command clearbackupfiles
2024-07-05 03:19:18,751 P1668 [INFO] Completed successfully.
2024-07-05 03:21:15,928 P1917 [INFO] ************************************************************
2024-07-05 03:21:15,929 P1917 [INFO] ConfigSet Infra-EmbeddedPreBuild
2024-07-05 03:26:44,639 P2112 [INFO] ************************************************************
2024-07-05 03:26:44,639 P2112 [INFO] ConfigSet Infra-EmbeddedPreBuild
2024-07-05 03:26:48,495 P2276 [INFO] ************************************************************
2024-07-05 03:26:48,495 P2276 [INFO] ConfigSet Infra-EmbeddedPostBuild
2024-07-05 03:33:19,263 P2939 [INFO] ************************************************************
2024-07-05 03:33:19,263 P2939 [INFO] ConfigSet Infra-EmbeddedPostBuild
2024-07-05 03:34:22,352 P3518 [INFO] ************************************************************
2024-07-05 03:34:22,352 P3518 [INFO] ConfigSet Infra-EmbeddedPostBuild
2024-07-05 03:36:37,894 P3932 [INFO] ************************************************************
2024-07-05 03:36:37,894 P3932 [INFO] ConfigSet Infra-EmbeddedPreBuild
2024-07-05 03:36:42,210 P4148 [INFO] ************************************************************
2024-07-05 03:36:42,210 P4148 [INFO] ConfigSet Infra-EmbeddedPostBuild
2024-07-05 03:41:09,190 P4645 [INFO] ************************************************************
2024-07-05 03:41:09,190 P4645 [INFO] ConfigSet Infra-EmbeddedPreBuild
2024-07-05 03:41:13,459 P4862 [INFO] ************************************************************
2024-07-05 03:41:13,459 P4862 [INFO] ConfigSet Infra-EmbeddedPostBuild
2024-07-05 03:52:16,867 P5592 [INFO] ************************************************************
2024-07-05 03:52:16,867 P5592 [INFO] ConfigSet Infra-EmbeddedPreBuild
2024-07-05 03:52:20,582 P5763 [INFO] ************************************************************
2024-07-05 03:52:20,582 P5763 [INFO] ConfigSet Infra-EmbeddedPostBuild
2024-07-05 04:00:15,931 P6525 [INFO] ************************************************************
2024-07-05 04:00:15,931 P6525 [INFO] ConfigSet Infra-EmbeddedPostBuild
2024-07-05 04:01:12,819 P6957 [INFO] ************************************************************
2024-07-05 04:01:12,820 P6957 [INFO] ConfigSet Infra-EmbeddedPreBuild
2024-07-05 04:01:16,770 P7173 [INFO] ************************************************************
2024-07-05 04:01:16,770 P7173 [INFO] ConfigSet Infra-EmbeddedPostBuild
