[2024-07-05T03:19:16Z] Started EB User Data
+ SLEEP_TIME=2
+ SLEEP_TIME_MAX=3600
+ true
+ curl https://elasticbeanstalk-platform-assets-us-west-2.s3.us-west-2.amazonaws.com/stalks/eb_nodejs20_amazon_linux_2023_1.0.596.0_20240702004010/lib/UserDataScript.sh
  % Total    % Received % Xferd  Average Speed   Time    Time     Time  Current
                                 Dload  Upload   Total   Spent    Left  Speed
  0     0    0     0    0     0      0      0 --:--:-- --:--:-- --:--:--     0100  4627  100  4627    0     0  31700      0 --:--:-- --:--:-- --:--:-- 31910
+ RESULT=0
+ [[ 0 -ne 0 ]]
+ /bin/bash /tmp/ebbootstrap.sh 'https://cloudformation-waitcondition-us-west-2.s3-us-west-2.amazonaws.com/arn%3Aaws%3Acloudformation%3Aus-west-2%3A851725516184%3Astack/awseb-e-fmpabfv2pn-stack/3a529b70-3a7d-11ef-bae2-02cc05ab3983/3a547030-3a7d-11ef-bae2-02cc05ab3983/AWSEBInstanceLaunchWaitHandle?X-Amz-Algorithm=AWS4-HMAC-SHA256&X-Amz-Date=20240705T031822Z&X-Amz-SignedHeaders=host&X-Amz-Expires=86399&X-Amz-Credential=AKIAJBJSWSW6NLR67N6A%2F20240705%2Fus-west-2%2Fs3%2Faws4_request&X-Amz-Signature=c78114a60997b2eb8444303d05bcbb8affb477e4986eb2c1151ac6d3cc66fdb4' arn:aws:cloudformation:us-west-2:851725516184:stack/awseb-e-fmpabfv2pn-stack/3a529b70-3a7d-11ef-bae2-02cc05ab3983 70f7f057-dff6-4a23-9372-a4290f3d37eb https://elasticbeanstalk-health.us-west-2.amazonaws.com '' https://elasticbeanstalk-platform-assets-us-west-2.s3.us-west-2.amazonaws.com/stalks/eb_nodejs20_amazon_linux_2023_1.0.596.0_20240702004010 us-west-2
[2024-07-05T03:19:16.692Z] Started EB Bootstrapping Script.
[2024-07-05T03:19:16.706Z] Received parameters:
 TARBALLS = 
 EB_GEMS = 
 SIGNAL_URL = https://cloudformation-waitcondition-us-west-2.s3-us-west-2.amazonaws.com/arn%3Aaws%3Acloudformation%3Aus-west-2%3A851725516184%3Astack/awseb-e-fmpabfv2pn-stack/3a529b70-3a7d-11ef-bae2-02cc05ab3983/3a547030-3a7d-11ef-bae2-02cc05ab3983/AWSEBInstanceLaunchWaitHandle?X-Amz-Algorithm=AWS4-HMAC-SHA256&X-Amz-Date=20240705T031822Z&X-Amz-SignedHeaders=host&X-Amz-Expires=86399&X-Amz-Credential=AKIAJBJSWSW6NLR67N6A%2F20240705%2Fus-west-2%2Fs3%2Faws4_request&X-Amz-Signature=c78114a60997b2eb8444303d05bcbb8affb477e4986eb2c1151ac6d3cc66fdb4
 STACK_ID = arn:aws:cloudformation:us-west-2:851725516184:stack/awseb-e-fmpabfv2pn-stack/3a529b70-3a7d-11ef-bae2-02cc05ab3983
 REGION = us-west-2
 GUID = 
 HEALTHD_GROUP_ID = 70f7f057-dff6-4a23-9372-a4290f3d37eb
 HEALTHD_ENDPOINT = https://elasticbeanstalk-health.us-west-2.amazonaws.com
 PROXY_SERVER = 
 HEALTHD_PROXY_LOG_LOCATION = 
 PLATFORM_ASSETS_URL = https://elasticbeanstalk-platform-assets-us-west-2.s3.us-west-2.amazonaws.com/stalks/eb_nodejs20_amazon_linux_2023_1.0.596.0_20240702004010
[2024-07-05T03:19:16.742Z] engine url is set to https://elasticbeanstalk-platform-assets-us-west-2.s3.us-west-2.amazonaws.com/stalks/eb_nodejs20_amazon_linux_2023_1.0.596.0_20240702004010/lib/platform-engine.zip
[2024-07-05T03:19:16.750Z] first init of instance.
[2024-07-05T03:19:16.766Z] Started executing cfn_init _OnInstanceBoot.
[2024-07-05T03:19:16.777Z] Running cfn-init ConfigSet: _OnInstanceBoot.
[2024-07-05T03:19:16.785Z] Using stack-id from userdata
[2024-07-05T03:19:18.873Z] Command Returned: 
[2024-07-05T03:19:18.877Z] Completed executing cfn_init.
[2024-07-05T03:19:18.881Z] finished _OnInstanceBoot
--2024-07-05 03:19:18--  https://elasticbeanstalk-platform-assets-us-west-2.s3.us-west-2.amazonaws.com/stalks/eb_nodejs20_amazon_linux_2023_1.0.596.0_20240702004010/lib/platform-engine.zip
Resolving elasticbeanstalk-platform-assets-us-west-2.s3.us-west-2.amazonaws.com (elasticbeanstalk-platform-assets-us-west-2.s3.us-west-2.amazonaws.com)... 52.92.137.42, 3.5.77.181, 52.92.203.250, ...
Connecting to elasticbeanstalk-platform-assets-us-west-2.s3.us-west-2.amazonaws.com (elasticbeanstalk-platform-assets-us-west-2.s3.us-west-2.amazonaws.com)|52.92.137.42|:443... connected.
HTTP request sent, awaiting response... 200 OK
Length: 19970863 (19M) [application/zip]
Saving to: ‘/tmp/platform-engine.zip’

     0K .......... .......... .......... .......... ..........  0% 13.9M 1s
    50K .......... .......... .......... .......... ..........  0% 52.1M 1s
   100K .......... .......... .......... .......... ..........  0% 23.1M 1s
   150K .......... .......... .......... .......... ..........  1% 46.7M 1s
   200K .......... .......... .......... .......... ..........  1% 27.0M 1s
   250K .......... .......... .......... .......... ..........  1% 31.6M 1s
   300K .......... .......... .......... .......... ..........  1% 34.2M 1s
   350K .......... .......... .......... .......... ..........  2% 33.7M 1s
   400K .......... .......... .......... .......... ..........  2% 33.7M 1s
   450K .......... .......... .......... .......... ..........  2% 26.3M 1s
   500K .......... .......... .......... .......... ..........  2% 29.3M 1s
   550K .......... .......... .......... .......... ..........  3% 31.8M 1s
   600K .......... .......... .......... .......... ..........  3% 9.32M 1s
   650K .......... .......... .......... .......... ..........  3% 27.1M 1s
   700K .......... .......... .......... .......... ..........  3% 19.4M 1s
   750K .......... .......... .......... .......... ..........  4% 20.3M 1s
   800K .......... .......... .......... .......... ..........  4% 19.8M 1s
   850K .......... .......... .......... .......... ..........  4% 4.23M 1s
   900K .......... .......... .......... .......... ..........  4% 16.5M 1s
   950K .......... .......... .......... .......... ..........  5% 5.96M 1s
  1000K .......... .......... .......... .......... ..........  5% 24.5M 1s
  1050K .......... .......... .......... .......... ..........  5%  218M 1s
  1100K .......... .......... .......... .......... ..........  5%  243M 1s
  1150K .......... .......... .......... .......... ..........  6% 11.0M 1s
  1200K .......... .......... .......... .......... ..........  6% 91.6M 1s
  1250K .......... .......... .......... .......... ..........  6% 38.7M 1s
  1300K .......... .......... .......... .......... ..........  6% 99.2M 1s
  1350K .......... .......... .......... .......... ..........  7%  200M 1s
  1400K .......... .......... .......... .......... ..........  7% 2.26M 1s
  1450K .......... .......... .......... .......... ..........  7% 89.0M 1s
  1500K .......... .......... .......... .......... ..........  7% 12.3M 1s
  1550K .......... .......... .......... .......... ..........  8% 9.31M 1s
  1600K .......... .......... .......... .......... ..........  8% 4.92M 1s
  1650K .......... .......... .......... .......... ..........  8% 11.6M 1s
  1700K .......... .......... .......... .......... ..........  8% 7.99M 1s
  1750K .......... .......... .......... .......... ..........  9% 18.3M 1s
  1800K .......... .......... .......... .......... ..........  9% 16.4M 1s
  1850K .......... .......... .......... .......... ..........  9% 12.7M 1s
  1900K .......... .......... .......... .......... ..........  9% 9.72M 1s
  1950K .......... .......... .......... .......... .......... 10% 3.81M 1s
  2000K .......... .......... .......... .......... .......... 10% 26.6M 1s
  2050K .......... .......... .......... .......... .......... 10% 31.5M 1s
  2100K .......... .......... .......... .......... .......... 11% 31.1M 1s
  2150K .......... .......... .......... .......... .......... 11% 32.2M 1s
  2200K .......... .......... .......... .......... .......... 11%  124M 1s
  2250K .......... .......... .......... .......... .......... 11% 18.3M 1s
  2300K .......... .......... .......... .......... .......... 12% 27.9M 1s
  2350K .......... .......... .......... .......... .......... 12% 31.8M 1s
  2400K .......... .......... .......... .......... .......... 12% 32.3M 1s
  2450K .......... .......... .......... .......... .......... 12% 32.3M 1s
  2500K .......... .......... .......... .......... .......... 13% 31.6M 1s
  2550K .......... .......... .......... .......... .......... 13% 35.4M 1s
  2600K .......... .......... .......... .......... .......... 13% 29.8M 1s
  2650K .......... .......... .......... .......... .......... 13% 32.0M 1s
  2700K .......... .......... .......... .......... .......... 14% 31.2M 1s
  2750K .......... .......... .......... .......... .......... 14% 33.0M 1s
  2800K .......... .......... .......... .......... .......... 14% 32.8M 1s
  2850K .......... .......... .......... .......... .......... 14% 31.8M 1s
  2900K .......... .......... .......... .......... .......... 15% 28.1M 1s
  2950K .......... .......... .......... .......... .......... 15% 34.5M 1s
  3000K .......... .......... .......... .......... .......... 15% 34.3M 1s
  3050K .......... .......... .......... .......... .......... 15% 34.0M 1s
  3100K .......... .......... .......... .......... .......... 16% 33.6M 1s
  3150K .......... .......... .......... .......... .......... 16% 33.9M 1s
  3200K .......... .......... .......... .......... .......... 16% 3.83M 1s
  3250K .......... .......... .......... .......... .......... 16% 30.2M 1s
  3300K .......... .......... .......... .......... .......... 17% 31.1M 1s
  3350K .......... .......... .......... .......... .......... 17% 31.5M 1s
  3400K .......... .......... .......... .......... .......... 17% 32.4M 1s
  3450K .......... .......... .......... .......... .......... 17% 29.1M 1s
  3500K .......... .......... .......... .......... .......... 18% 98.1M 1s
  3550K .......... .......... .......... .......... .......... 18% 14.8M 1s
  3600K .......... .......... .......... .......... .......... 18% 30.7M 1s
  3650K .......... .......... .......... .......... .......... 18% 31.2M 1s
  3700K .......... .......... .......... .......... .......... 19% 9.20M 1s
  3750K .......... .......... .......... .......... .......... 19% 29.8M 1s
  3800K .......... .......... .......... .......... .......... 19% 30.3M 1s
  3850K .......... .......... .......... .......... .......... 19% 32.6M 1s
  3900K .......... .......... .......... .......... .......... 20% 29.1M 1s
  3950K .......... .......... .......... .......... .......... 20% 30.7M 1s
  4000K .......... .......... .......... .......... .......... 20% 34.1M 1s
  4050K .......... .......... .......... .......... .......... 21% 30.5M 1s
  4100K .......... .......... .......... .......... .......... 21% 31.4M 1s
  4150K .......... .......... .......... .......... .......... 21% 30.8M 1s
  4200K .......... .......... .......... .......... .......... 21% 8.34M 1s
  4250K .......... .......... .......... .......... .......... 22% 32.7M 1s
  4300K .......... .......... .......... .......... .......... 22% 32.6M 1s
  4350K .......... .......... .......... .......... .......... 22% 30.9M 1s
  4400K .......... .......... .......... .......... .......... 22% 33.2M 1s
  4450K .......... .......... .......... .......... .......... 23% 32.9M 1s
  4500K .......... .......... .......... .......... .......... 23% 34.4M 1s
  4550K .......... .......... .......... .......... .......... 23% 27.8M 1s
  4600K .......... .......... .......... .......... .......... 23% 5.29M 1s
  4650K .......... .......... .......... .......... .......... 24% 29.5M 1s
  4700K .......... .......... .......... .......... .......... 24%  244M 1s
  4750K .......... .......... .......... .......... .......... 24% 19.0M 1s
  4800K .......... .......... .......... .......... .......... 24%  111M 1s
  4850K .......... .......... .......... .......... .......... 25% 14.1M 1s
  4900K .......... .......... .......... .......... .......... 25% 20.3M 1s
  4950K .......... .......... .......... .......... .......... 25% 4.90M 1s
  5000K .......... .......... .......... .......... .......... 25% 20.9M 1s
  5050K .......... .......... .......... .......... .......... 26% 21.3M 1s
  5100K .......... .......... .......... .......... .......... 26% 22.4M 1s
  5150K .......... .......... .......... .......... .......... 26% 23.3M 1s
  5200K .......... .......... .......... .......... .......... 26% 20.0M 1s
  5250K .......... .......... .......... .......... .......... 27% 21.6M 1s
  5300K .......... .......... .......... .......... .......... 27% 21.4M 1s
  5350K .......... .......... .......... .......... .......... 27% 20.5M 1s
  5400K .......... .......... .......... .......... .......... 27% 21.1M 1s
  5450K .......... .......... .......... .......... .......... 28% 21.4M 1s
  5500K .......... .......... .......... .......... .......... 28% 6.79M 1s
  5550K .......... .......... .......... .......... .......... 28% 22.4M 1s
  5600K .......... .......... .......... .......... .......... 28% 16.5M 1s
  5650K .......... .......... .......... .......... .......... 29% 21.4M 1s
  5700K .......... .......... .......... .......... .......... 29% 24.5M 1s
  5750K .......... .......... .......... .......... .......... 29% 31.8M 1s
  5800K .......... .......... .......... .......... .......... 29%  283M 1s
  5850K .......... .......... .......... .......... .......... 30%  175M 1s
  5900K .......... .......... .......... .......... .......... 30%  239M 1s
  5950K .......... .......... .......... .......... .......... 30% 40.8M 1s
  6000K .......... .......... .......... .......... .......... 31%  239M 1s
  6050K .......... .......... .......... .......... .......... 31%  207M 1s
  6100K .......... .......... .......... .......... .......... 31%  166M 1s
  6150K .......... .......... .......... .......... .......... 31%  204M 1s
  6200K .......... .......... .......... .......... .......... 32%  240M 1s
  6250K .......... .......... .......... .......... .......... 32%  190M 1s
  6300K .......... .......... .......... .......... .......... 32%  120M 1s
  6350K .......... .......... .......... .......... .......... 32%  220M 1s
  6400K .......... .......... .......... .......... .......... 33%  151M 1s
  6450K .......... .......... .......... .......... .......... 33%  213M 1s
  6500K .......... .......... .......... .......... .......... 33%  137M 1s
  6550K .......... .......... .......... .......... .......... 33%  168M 1s
  6600K .......... .......... .......... .......... .......... 34%  222M 1s
  6650K .......... .......... .......... .......... .......... 34%  144M 1s
  6700K .......... .......... .......... .......... .......... 34%  276M 1s
  6750K .......... .......... .......... .......... .......... 34%  167M 1s
  6800K .......... .......... .......... .......... .......... 35%  118M 1s
  6850K .......... .......... .......... .......... .......... 35%  272M 1s
  6900K .......... .......... .......... .......... .......... 35%  137M 1s
  6950K .......... .......... .......... .......... .......... 35%  101M 1s
  7000K .......... .......... .......... .......... .......... 36% 92.5M 1s
  7050K .......... .......... .......... .......... .......... 36%  269M 1s
  7100K .......... .......... .......... .......... .......... 36% 4.89M 1s
  7150K .......... .......... .......... .......... .......... 36%  276M 1s
  7200K .......... .......... .......... .......... .......... 37%  288M 1s
  7250K .......... .......... .......... .......... .......... 37%  311M 1s
  7300K .......... .......... .......... .......... .......... 37% 45.3M 1s
  7350K .......... .......... .......... .......... .......... 37% 82.1M 1s
  7400K .......... .......... .......... .......... .......... 38% 80.7M 1s
  7450K .......... .......... .......... .......... .......... 38% 78.1M 1s
  7500K .......... .......... .......... .......... .......... 38% 77.7M 1s
  7550K .......... .......... .......... .......... .......... 38% 78.6M 1s
  7600K .......... .......... .......... .......... .......... 39% 73.6M 1s
  7650K .......... .......... .......... .......... .......... 39% 88.8M 1s
  7700K .......... .......... .......... .......... .......... 39% 93.0M 1s
  7750K .......... .......... .......... .......... .......... 39% 83.9M 1s
  7800K .......... .......... .......... .......... .......... 40% 84.8M 1s
  7850K .......... .......... .......... .......... .......... 40% 83.6M 1s
  7900K .......... .......... .......... .......... .......... 40% 84.4M 1s
  7950K .......... .......... .......... .......... .......... 41% 71.3M 0s
  8000K .......... .......... .......... .......... .......... 41% 4.41M 1s
  8050K .......... .......... .......... .......... .......... 41% 84.6M 1s
  8100K .......... .......... .......... .......... .......... 41% 90.4M 0s
  8150K .......... .......... .......... .......... .......... 42% 84.4M 0s
  8200K .......... .......... .......... .......... .......... 42% 83.1M 0s
  8250K .......... .......... .......... .......... .......... 42% 82.0M 0s
  8300K .......... .......... .......... .......... .......... 42% 82.2M 0s
  8350K .......... .......... .......... .......... .......... 43% 83.5M 0s
  8400K .......... .......... .......... .......... .......... 43% 84.2M 0s
  8450K .......... .......... .......... .......... .......... 43% 82.9M 0s
  8500K .......... .......... .......... .......... .......... 43% 87.9M 0s
  8550K .......... .......... .......... .......... .......... 44% 95.1M 0s
  8600K .......... .......... .......... .......... .......... 44% 82.8M 0s
  8650K .......... .......... .......... .......... .......... 44% 64.2M 0s
  8700K .......... .......... .......... .......... .......... 44% 82.3M 0s
  8750K .......... .......... .......... .......... .......... 45% 71.5M 0s
  8800K .......... .......... .......... .......... .......... 45% 77.5M 0s
  8850K .......... .......... .......... .......... .......... 45% 85.0M 0s
  8900K .......... .......... .......... .......... .......... 45% 85.6M 0s
  8950K .......... .......... .......... .......... .......... 46% 95.5M 0s
  9000K .......... .......... .......... .......... .......... 46% 84.2M 0s
  9050K .......... .......... .......... .......... .......... 46% 85.6M 0s
  9100K .......... .......... .......... .......... .......... 46% 73.7M 0s
  9150K .......... .......... .......... .......... .......... 47% 84.5M 0s
  9200K .......... .......... .......... .......... .......... 47% 84.4M 0s
  9250K .......... .......... .......... .......... .......... 47% 8.45M 0s
  9300K .......... .......... .......... .......... .......... 47% 83.8M 0s
  9350K .......... .......... .......... .......... .......... 48% 81.3M 0s
  9400K .......... .......... .......... .......... .......... 48% 95.7M 0s
  9450K .......... .......... .......... .......... .......... 48%  200M 0s
  9500K .......... .......... .......... .......... .......... 48%  266M 0s
  9550K .......... .......... .......... .......... .......... 49%  282M 0s
  9600K .......... .......... .......... .......... .......... 49%  287M 0s
  9650K .......... .......... .......... .......... .......... 49% 97.9M 0s
  9700K .......... .......... .......... .......... .......... 49%  258M 0s
  9750K .......... .......... .......... .......... .......... 50%  254M 0s
  9800K .......... .......... .......... .......... .......... 50%  298M 0s
  9850K .......... .......... .......... .......... .......... 50%  285M 0s
  9900K .......... .......... .......... .......... .......... 51%  282M 0s
  9950K .......... .......... .......... .......... .......... 51%  287M 0s
 10000K .......... .......... .......... .......... .......... 51% 8.29M 0s
 10050K .......... .......... .......... .......... .......... 51% 61.9M 0s
 10100K .......... .......... .......... .......... .......... 52% 57.9M 0s
 10150K .......... .......... .......... .......... .......... 52% 83.0M 0s
 10200K .......... .......... .......... .......... .......... 52% 72.3M 0s
 10250K .......... .......... .......... .......... .......... 52% 74.8M 0s
 10300K .......... .......... .......... .......... .......... 53% 82.3M 0s
 10350K .......... .......... .......... .......... .......... 53% 84.0M 0s
 10400K .......... .......... .......... .......... .......... 53% 69.5M 0s
 10450K .......... .......... .......... .......... .......... 53% 77.8M 0s
 10500K .......... .......... .......... .......... .......... 54% 84.9M 0s
 10550K .......... .......... .......... .......... .......... 54% 61.3M 0s
 10600K .......... .......... .......... .......... .......... 54% 83.3M 0s
 10650K .......... .......... .......... .......... .......... 54% 29.1M 0s
 10700K .......... .......... .......... .......... .......... 55% 82.0M 0s
 10750K .......... .......... .......... .......... .......... 55% 5.11M 0s
 10800K .......... .......... .......... .......... .......... 55% 81.6M 0s
 10850K .......... .......... .......... .......... .......... 55% 75.4M 0s
 10900K .......... .......... .......... .......... .......... 56% 82.9M 0s
 10950K .......... .......... .......... .......... .......... 56% 85.6M 0s
 11000K .......... .......... .......... .......... .......... 56% 82.0M 0s
 11050K .......... .......... .......... .......... .......... 56% 88.5M 0s
 11100K .......... .......... .......... .......... .......... 57% 54.6M 0s
 11150K .......... .......... .......... .......... .......... 57% 77.3M 0s
 11200K .......... .......... .......... .......... .......... 57% 80.4M 0s
 11250K .......... .......... .......... .......... .......... 57% 83.1M 0s
 11300K .......... .......... .......... .......... .......... 58% 82.8M 0s
 11350K .......... .......... .......... .......... .......... 58% 80.9M 0s
 11400K .......... .......... .......... .......... .......... 58% 83.4M 0s
 11450K .......... .......... .......... .......... .......... 58% 83.7M 0s
 11500K .......... .......... .......... .......... .......... 59% 93.5M 0s
 11550K .......... .......... .......... .......... .......... 59% 4.53M 0s
 11600K .......... .......... .......... .......... .......... 59% 78.5M 0s
 11650K .......... .......... .......... .......... .......... 59% 59.1M 0s
 11700K .......... .......... .......... .......... .......... 60% 82.5M 0s
 11750K .......... .......... .......... .......... .......... 60% 83.4M 0s
 11800K .......... .......... .......... .......... .......... 60% 80.1M 0s
 11850K .......... .......... .......... .......... .......... 61% 74.0M 0s
 11900K .......... .......... .......... .......... .......... 61% 87.4M 0s
 11950K .......... .......... .......... .......... .......... 61% 95.0M 0s
 12000K .......... .......... .......... .......... .......... 61% 58.4M 0s
 12050K .......... .......... .......... .......... .......... 62% 81.6M 0s
 12100K .......... .......... .......... .......... .......... 62% 81.5M 0s
 12150K .......... .......... .......... .......... .......... 62% 77.7M 0s
 12200K .......... .......... .......... .......... .......... 62% 83.9M 0s
 12250K .......... .......... .......... .......... .......... 63% 24.5M 0s
 12300K .......... .......... .......... .......... .......... 63% 82.8M 0s
 12350K .......... .......... .......... .......... .......... 63% 93.5M 0s
 12400K .......... .......... .......... .......... .......... 63% 74.3M 0s
 12450K .......... .......... .......... .......... .......... 64% 83.3M 0s
 12500K .......... .......... .......... .......... .......... 64% 83.7M 0s
 12550K .......... .......... .......... .......... .......... 64% 74.0M 0s
 12600K .......... .......... .......... .......... .......... 64% 84.1M 0s
 12650K .......... .......... .......... .......... .......... 65% 84.2M 0s
 12700K .......... .......... .......... .......... .......... 65% 9.91M 0s
 12750K .......... .......... .......... .......... .......... 65% 86.0M 0s
 12800K .......... .......... .......... .......... .......... 65% 92.2M 0s
 12850K .......... .......... .......... .......... .......... 66% 74.6M 0s
 12900K .......... .......... .......... .......... .......... 66% 61.3M 0s
 12950K .......... .......... .......... .......... .......... 66% 83.1M 0s
 13000K .......... .......... .......... .......... .......... 66% 74.1M 0s
 13050K .......... .......... .......... .......... .......... 67% 81.7M 0s
 13100K .......... .......... .......... .......... .......... 67% 85.6M 0s
 13150K .......... .......... .......... .......... .......... 67% 3.03M 0s
 13200K .......... .......... .......... .......... .......... 67% 84.0M 0s
 13250K .......... .......... .......... .......... .......... 68% 83.4M 0s
 13300K .......... .......... .......... .......... .......... 68% 83.6M 0s
 13350K .......... .......... .......... .......... .......... 68% 81.9M 0s
 13400K .......... .......... .......... .......... .......... 68% 57.9M 0s
 13450K .......... .......... .......... .......... .......... 69% 59.8M 0s
 13500K .......... .......... .......... .......... .......... 69% 71.2M 0s
 13550K .......... .......... .......... .......... .......... 69% 70.0M 0s
 13600K .......... .......... .......... .......... .......... 69% 85.2M 0s
 13650K .......... .......... .......... .......... .......... 70% 64.5M 0s
 13700K .......... .......... .......... .......... .......... 70% 37.8M 0s
 13750K .......... .......... .......... .......... .......... 70% 73.5M 0s
 13800K .......... .......... .......... .......... .......... 71% 66.5M 0s
 13850K .......... .......... .......... .......... .......... 71% 55.7M 0s
 13900K .......... .......... .......... .......... .......... 71% 72.3M 0s
 13950K .......... .......... .......... .......... .......... 71% 84.4M 0s
 14000K .......... .......... .......... .......... .......... 72% 84.2M 0s
 14050K .......... .......... .......... .......... .......... 72% 69.6M 0s
 14100K .......... .......... .......... .......... .......... 72% 76.5M 0s
 14150K .......... .......... .......... .......... .......... 72% 54.5M 0s
 14200K .......... .......... .......... .......... .......... 73% 19.4M 0s
 14250K .......... .......... .......... .......... .......... 73% 83.7M 0s
 14300K .......... .......... .......... .......... .......... 73% 76.9M 0s
 14350K .......... .......... .......... .......... .......... 73% 56.0M 0s
 14400K .......... .......... .......... .......... .......... 74% 4.79M 0s
 14450K .......... .......... .......... .......... .......... 74% 88.7M 0s
 14500K .......... .......... .......... .......... .......... 74% 92.4M 0s
 14550K .......... .......... .......... .......... .......... 74% 76.6M 0s
 14600K .......... .......... .......... .......... .......... 75% 68.4M 0s
 14650K .......... .......... .......... .......... .......... 75% 64.6M 0s
 14700K .......... .......... .......... .......... .......... 75% 75.1M 0s
 14750K .......... .......... .......... .......... .......... 75% 80.3M 0s
 14800K .......... .......... .......... .......... .......... 76% 81.9M 0s
 14850K .......... .......... .......... .......... .......... 76% 85.6M 0s
 14900K .......... .......... .......... .......... .......... 76% 26.8M 0s
 14950K .......... .......... .......... .......... .......... 76% 71.1M 0s
 15000K .......... .......... .......... .......... .......... 77% 60.5M 0s
 15050K .......... .......... .......... .......... .......... 77% 81.9M 0s
 15100K .......... .......... .......... .......... .......... 77% 7.06M 0s
 15150K .......... .......... .......... .......... .......... 77% 82.3M 0s
 15200K .......... .......... .......... .......... .......... 78% 85.2M 0s
 15250K .......... .......... .......... .......... .......... 78% 84.5M 0s
 15300K .......... .......... .......... .......... .......... 78% 30.8M 0s
 15350K .......... .......... .......... .......... .......... 78% 61.1M 0s
 15400K .......... .......... .......... .......... .......... 79% 42.5M 0s
 15450K .......... .......... .......... .......... .......... 79% 74.6M 0s
 15500K .......... .......... .......... .......... .......... 79% 69.5M 0s
 15550K .......... .......... .......... .......... .......... 79% 7.02M 0s
 15600K .......... .......... .......... .......... .......... 80% 83.7M 0s
 15650K .......... .......... .......... .......... .......... 80% 63.0M 0s
 15700K .......... .......... .......... .......... .......... 80% 76.8M 0s
 15750K .......... .......... .......... .......... .......... 81% 46.0M 0s
 15800K .......... .......... .......... .......... .......... 81% 17.3M 0s
 15850K .......... .......... .......... .......... .......... 81% 59.5M 0s
 15900K .......... .......... .......... .......... .......... 81% 83.1M 0s
 15950K .......... .......... .......... .......... .......... 82% 3.79M 0s
 16000K .......... .......... .......... .......... .......... 82% 65.0M 0s
 16050K .......... .......... .......... .......... .......... 82% 76.0M 0s
 16100K .......... .......... .......... .......... .......... 82% 84.1M 0s
 16150K .......... .......... .......... .......... .......... 83% 72.7M 0s
 16200K .......... .......... .......... .......... .......... 83% 94.0M 0s
 16250K .......... .......... .......... .......... .......... 83% 83.0M 0s
 16300K .......... .......... .......... .......... .......... 83% 81.3M 0s
 16350K .......... .......... .......... .......... .......... 84% 55.0M 0s
 16400K .......... .......... .......... .......... .......... 84% 72.0M 0s
 16450K .......... .......... .......... .......... .......... 84% 82.6M 0s
 16500K .......... .......... .......... .......... .......... 84% 74.4M 0s
 16550K .......... .......... .......... .......... .......... 85% 80.7M 0s
 16600K .......... .......... .......... .......... .......... 85% 91.9M 0s
 16650K .......... .......... .......... .......... .......... 85% 56.0M 0s
 16700K .......... .......... .......... .......... .......... 85% 79.6M 0s
 16750K .......... .......... .......... .......... .......... 86% 84.4M 0s
 16800K .......... .......... .......... .......... .......... 86% 5.15M 0s
 16850K .......... .......... .......... .......... .......... 86% 82.1M 0s
 16900K .......... .......... .......... .......... .......... 86% 83.7M 0s
 16950K .......... .......... .......... .......... .......... 87% 85.2M 0s
 17000K .......... .......... .......... .......... .......... 87% 88.8M 0s
 17050K .......... .......... .......... .......... .......... 87% 95.8M 0s
 17100K .......... .......... .......... .......... .......... 87% 50.9M 0s
 17150K .......... .......... .......... .......... .......... 88% 42.7M 0s
 17200K .......... .......... .......... .......... .......... 88% 78.1M 0s
 17250K .......... .......... .......... .......... .......... 88% 77.9M 0s
 17300K .......... .......... .......... .......... .......... 88% 67.4M 0s
 17350K .......... .......... .......... .......... .......... 89% 76.0M 0s
 17400K .......... .......... .......... .......... .......... 89% 77.2M 0s
 17450K .......... .......... .......... .......... .......... 89% 88.1M 0s
 17500K .......... .......... .......... .......... .......... 89% 77.8M 0s
 17550K .......... .......... .......... .......... .......... 90% 72.6M 0s
 17600K .......... .......... .......... .......... .......... 90% 77.4M 0s
 17650K .......... .......... .......... .......... .......... 90% 73.5M 0s
 17700K .......... .......... .......... .......... .......... 91% 84.1M 0s
 17750K .......... .......... .......... .......... .......... 91% 6.01M 0s
 17800K .......... .......... .......... .......... .......... 91% 83.3M 0s
 17850K .......... .......... .......... .......... .......... 91% 86.7M 0s
 17900K .......... .......... .......... .......... .......... 92% 85.0M 0s
 17950K .......... .......... .......... .......... .......... 92% 82.9M 0s
 18000K .......... .......... .......... .......... .......... 92% 73.5M 0s
 18050K .......... .......... .......... .......... .......... 92% 82.9M 0s
 18100K .......... .......... .......... .......... .......... 93% 83.3M 0s
 18150K .......... .......... .......... .......... .......... 93% 82.8M 0s
 18200K .......... .......... .......... .......... .......... 93% 83.0M 0s
 18250K .......... .......... .......... .......... .......... 93% 73.9M 0s
 18300K .......... .......... .......... .......... .......... 94% 95.9M 0s
 18350K .......... .......... .......... .......... .......... 94% 68.1M 0s
 18400K .......... .......... .......... .......... .......... 94% 75.6M 0s
 18450K .......... .......... .......... .......... .......... 94% 76.8M 0s
 18500K .......... .......... .......... .......... .......... 95% 4.22M 0s
 18550K .......... .......... .......... .......... .......... 95% 55.3M 0s
 18600K .......... .......... .......... .......... .......... 95% 81.0M 0s
 18650K .......... .......... .......... .......... .......... 95% 50.7M 0s
 18700K .......... .......... .......... .......... .......... 96% 85.0M 0s
 18750K .......... .......... .......... .......... .......... 96% 67.3M 0s
 18800K .......... .......... .......... .......... .......... 96% 84.6M 0s
 18850K .......... .......... .......... .......... .......... 96% 82.6M 0s
 18900K .......... .......... .......... .......... .......... 97% 81.5M 0s
 18950K .......... .......... .......... .......... .......... 97% 37.6M 0s
 19000K .......... .......... .......... .......... .......... 97% 64.0M 0s
 19050K .......... .......... .......... .......... .......... 97% 85.0M 0s
 19100K .......... .......... .......... .......... .......... 98% 62.8M 0s
 19150K .......... .......... .......... .......... .......... 98% 69.8M 0s
 19200K .......... .......... .......... .......... .......... 98% 64.5M 0s
 19250K .......... .......... .......... .......... .......... 98% 62.9M 0s
 19300K .......... .......... .......... .......... .......... 99% 63.5M 0s
 19350K .......... .......... .......... .......... .......... 99% 80.3M 0s
 19400K .......... .......... .......... .......... .......... 99% 83.1M 0s
 19450K .......... .......... .......... .......... .......... 99% 6.90M 0s
 19500K ..                                                    100% 5.21T=0.6s

2024-07-05 03:19:20 (30.4 MB/s) - ‘/tmp/platform-engine.zip’ saved [19970863/19970863]

Archive:  /tmp/platform-engine.zip
  inflating: /opt/elasticbeanstalk/bin/platform-engine  
  inflating: /opt/elasticbeanstalk/bin/publishlogs  
  inflating: /opt/elasticbeanstalk/bin/get-config  
  inflating: /opt/elasticbeanstalk/config/private/aws-eb-command-handler.conf  
  inflating: /opt/elasticbeanstalk/config/private/cfn-hup-wrapper  
  inflating: /opt/elasticbeanstalk/config/private/cfn-hup.conf.template  
  inflating: /opt/elasticbeanstalk/config/private/containercommandsupport/container-defaults.sh  
  inflating: /opt/elasticbeanstalk/config/private/containercommandsupport/leader-test.sh  
  inflating: /opt/elasticbeanstalk/config/private/eb-banner.template  
  inflating: /opt/elasticbeanstalk/config/private/guidlocking/repo.py  
  inflating: /opt/elasticbeanstalk/config/private/healthd/config.yaml.template  
  inflating: /opt/elasticbeanstalk/config/private/healthd/healthd_httpd.conf  
  inflating: /opt/elasticbeanstalk/config/private/healthd/healthd_logformat.conf  
  inflating: /opt/elasticbeanstalk/config/private/healthd/healthd_nginx.conf  
  inflating: /opt/elasticbeanstalk/config/private/healthd/logcleanup-cron.template  
  inflating: /opt/elasticbeanstalk/config/private/healthd/healthddependency  
  inflating: /opt/elasticbeanstalk/config/private/httpd/applicationport.conf.template  
  inflating: /opt/elasticbeanstalk/config/private/httpd/gzip.conf  
  inflating: /opt/elasticbeanstalk/config/private/httpd/staticfilesmapping.conf.template  
  inflating: /opt/elasticbeanstalk/config/private/httpd/httpd.conf.template  
  inflating: /opt/elasticbeanstalk/config/private/logrotate/logrotate-cron.template  
  inflating: /opt/elasticbeanstalk/config/private/logrotate/logrotate.template  
  inflating: /opt/elasticbeanstalk/config/private/logtasks/cron/publishlogs  
  inflating: /opt/elasticbeanstalk/config/private/nginx/applicationport.conf.template  
  inflating: /opt/elasticbeanstalk/config/private/nginx/nginx.conf.template  
  inflating: /opt/elasticbeanstalk/config/private/nginx/staticfilesmapping.conf.template  
  inflating: /opt/elasticbeanstalk/config/private/python/sitecustomize.py  
 extracting: /opt/elasticbeanstalk/config/private/restartcfn.sh  
  inflating: /opt/elasticbeanstalk/config/private/restartcloudwatchagent.sh  
  inflating: /opt/elasticbeanstalk/config/private/rsyslog.conf.template  
  inflating: /opt/elasticbeanstalk/config/private/ruby_common_env  
  inflating: /opt/elasticbeanstalk/config/private/sqsd/default.yaml.template  
  inflating: /opt/elasticbeanstalk/config/private/sqsd/sqsdversion.json  
  inflating: /opt/elasticbeanstalk/config/private/systemd-append.template  
 extracting: /opt/elasticbeanstalk/config/private/aws-eb.target  
  inflating: /opt/elasticbeanstalk/config/private/systemd.template  
  inflating: /opt/elasticbeanstalk/tasks/bundlelogs.d/cfn-system.conf  
 extracting: /opt/elasticbeanstalk/tasks/bundlelogs.d/cloud-init-system.conf  
  inflating: /opt/elasticbeanstalk/tasks/bundlelogs.d/eb-app.conf  
 extracting: /opt/elasticbeanstalk/tasks/bundlelogs.d/eb-hooks.conf  
  inflating: /opt/elasticbeanstalk/tasks/bundlelogs.d/eb-system.conf  
 extracting: /opt/elasticbeanstalk/tasks/bundlelogs.d/rotate.conf  
  inflating: /opt/elasticbeanstalk/tasks/bundlelogs.d/system.conf  
 extracting: /opt/elasticbeanstalk/tasks/publishlogs.d/eb-app.conf  
  inflating: /opt/elasticbeanstalk/tasks/taillogs.d/eb-app.conf  
  inflating: /opt/elasticbeanstalk/tasks/taillogs.d/eb-engine.conf  
[2024-07-05T03:19:26.676Z] Successfully bootstrapped instance.
[2024-07-05T03:19:26.681Z] Sending signal 0 to CFN wait condition https://cloudformation-waitcondition-us-west-2.s3-us-west-2.amazonaws.com/arn%3Aaws%3Acloudformation%3Aus-west-2%3A851725516184%3Astack/awseb-e-fmpabfv2pn-stack/3a529b70-3a7d-11ef-bae2-02cc05ab3983/3a547030-3a7d-11ef-bae2-02cc05ab3983/AWSEBInstanceLaunchWaitHandle?X-Amz-Algorithm=AWS4-HMAC-SHA256&X-Amz-Date=20240705T031822Z&X-Amz-SignedHeaders=host&X-Amz-Expires=86399&X-Amz-Credential=AKIAJBJSWSW6NLR67N6A%2F20240705%2Fus-west-2%2Fs3%2Faws4_request&X-Amz-Signature=c78114a60997b2eb8444303d05bcbb8affb477e4986eb2c1151ac6d3cc66fdb4
CloudFormation signaled successfully with status SUCCESS
[2024-07-05T03:19:27.473Z] Tailing /var/log/eb-commandprocessor.log

******************* eb-commandprocessor taillog *******************
***eb-commandprocessor is not available yet.***
******************* End of taillog *******************


[2024-07-05T03:19:27.490Z] Tailing /var/log/eb-activity.log

******************* eb-activity taillog *******************
***eb-activity is not available yet.***
******************* End of taillog *******************


[2024-07-05T03:19:27.508Z] Tailing /var/log/eb-tools.log

******************* eb-tools taillog *******************
***eb-tools is not available yet.***
******************* End of taillog *******************


[2024-07-05T03:19:27.525Z] Tailing /var/log/eb-version-deployment.log

******************* eb-version-deployment taillog *******************
***eb-version-deployment is not available yet.***
******************* End of taillog *******************


[2024-07-05T03:19:27.533Z] Tailing /var/log/cfn-init.log

******************* cfn-init taillog *******************
2024-07-05 03:19:17,984 [INFO] -----------------------Starting build-----------------------
2024-07-05 03:19:18,003 [INFO] Running configSets: _OnInstanceBoot
2024-07-05 03:19:18,006 [INFO] Running configSet _OnInstanceBoot
2024-07-05 03:19:18,010 [INFO] Running config AWSEBBaseConfig
2024-07-05 03:19:18,732 [INFO] Command clearbackupfiles succeeded
2024-07-05 03:19:18,736 [INFO] Running config AWSEBCfnHupEndpointOverride
2024-07-05 03:19:18,752 [INFO] Command clearbackupfiles succeeded
2024-07-05 03:19:18,754 [INFO] ConfigSets completed
2024-07-05 03:19:18,754 [INFO] -----------------------Build complete-----------------------
******************* End of taillog *******************


[2024-07-05T03:19:27.566Z] Tailing /var/log/cfn-hup.log

******************* cfn-hup taillog *******************
2024-07-05 03:19:27,205 [DEBUG] CloudFormation client initialized with endpoint https://cloudformation.us-west-2.amazonaws.com
2024-07-05 03:19:27,205 [DEBUG] SQS client initialized with endpoint https://sqs.us-west-2.amazonaws.com
2024-07-05 03:19:27,206 [DEBUG] CloudFormation client initialized with endpoint https://cloudformation.us-west-2.amazonaws.com
2024-07-05 03:19:27,206 [DEBUG] Enabled single threading mode.
2024-07-05 03:19:27,206 [DEBUG] Creating /var/lib/cfn-hup/data
2024-07-05 03:19:27,228 [INFO] No umask value specified in config file. Using the default one: 0o22
2024-07-05 03:19:27,355 [INFO] Pid: 1795
******************* End of taillog *******************


[2024-07-05T03:19:27.574Z] Completed EB Bootstrapping Script.
+ RESULT=0
+ [[ 0 -ne 0 ]]
+ exit 0
